[    0.000000] Initializing cgroup subsys cpuset
[    0.000000] Initializing cgroup subsys cpu
[    0.000000] Initializing cgroup subsys cpuacct
[    0.000000] Linux version 4.4.0-177-generic (buildd@lgw01-amd64-035) (gcc version 5.4.0 20160609 (Ubuntu 5.4.0-6ubuntu1~16.04.12) ) #207-Ubuntu SMP Mon Mar 16 01:16:10 UTC 2020 (Ubuntu 4.4.0-177.207-generic 4.4.214)
[    0.000000] Command line: BOOT_IMAGE=/boot/vmlinuz-4.4.0-177-generic root=LABEL=cloudimg-rootfs ro console=tty1 console=ttyS0
[    0.000000] KERNEL supported cpus:
[    0.000000]   Intel GenuineIntel
[    0.000000]   AMD AuthenticAMD
[    0.000000]   Centaur CentaurHauls
[    0.000000] x86/fpu: xstate_offset[2]:  576, xstate_sizes[2]:  256
[    0.000000] x86/fpu: Supporting XSAVE feature 0x01: 'x87 floating point registers'
[    0.000000] x86/fpu: Supporting XSAVE feature 0x02: 'SSE registers'
[    0.000000] x86/fpu: Supporting XSAVE feature 0x04: 'AVX registers'
[    0.000000] x86/fpu: Enabled xstate features 0x7, context size is 832 bytes, using 'standard' format.
[    0.000000] e820: BIOS-provided physical RAM map:
[    0.000000] BIOS-e820: [mem 0x0000000000000000-0x000000000009fbff] usable
[    0.000000] BIOS-e820: [mem 0x000000000009fc00-0x000000000009ffff] reserved
[    0.000000] BIOS-e820: [mem 0x00000000000f0000-0x00000000000fffff] reserved
[    0.000000] BIOS-e820: [mem 0x0000000000100000-0x000000007ffeffff] usable
[    0.000000] BIOS-e820: [mem 0x000000007fff0000-0x000000007fffffff] ACPI data
[    0.000000] BIOS-e820: [mem 0x00000000fec00000-0x00000000fec00fff] reserved
[    0.000000] BIOS-e820: [mem 0x00000000fee00000-0x00000000fee00fff] reserved
[    0.000000] BIOS-e820: [mem 0x00000000fffc0000-0x00000000ffffffff] reserved
[    0.000000] NX (Execute Disable) protection: active
[    0.000000] SMBIOS 2.5 present.
[    0.000000] Hypervisor detected: KVM
[    0.000000] e820: last_pfn = 0x7fff0 max_arch_pfn = 0x400000000
[    0.000000] MTRR: Disabled
[    0.000000] x86/PAT: MTRRs disabled, skipping PAT initialization too.
[    0.000000] CPU MTRRs all blank - virtualized system.
[    0.000000] x86/PAT: Configuration [0-7]: WB  WT  UC- UC  WB  WT  UC- UC  
[    0.000000] found SMP MP-table at [mem 0x0009fff0-0x0009ffff] mapped at [ffff88000009fff0]
[    0.000000] Scanning 1 areas for low memory corruption
[    0.000000] RAMDISK: [mem 0x362e4000-0x37169fff]
[    0.000000] ACPI: Early table checksum verification disabled
[    0.000000] ACPI: RSDP 0x00000000000E0000 000024 (v02 VBOX  )
[    0.000000] ACPI: XSDT 0x000000007FFF0030 00003C (v01 VBOX   VBOXXSDT 00000001 ASL  00000061)
[    0.000000] ACPI: FACP 0x000000007FFF00F0 0000F4 (v04 VBOX   VBOXFACP 00000001 ASL  00000061)
[    0.000000] ACPI: DSDT 0x000000007FFF0470 002325 (v02 VBOX   VBOXBIOS 00000002 INTL 20100528)
[    0.000000] ACPI: FACS 0x000000007FFF0200 000040
[    0.000000] ACPI: FACS 0x000000007FFF0200 000040
[    0.000000] ACPI: APIC 0x000000007FFF0240 00005C (v02 VBOX   VBOXAPIC 00000001 ASL  00000061)
[    0.000000] ACPI: SSDT 0x000000007FFF02A0 0001CC (v01 VBOX   VBOXCPUT 00000002 INTL 20100528)
[    0.000000] No NUMA configuration found
[    0.000000] Faking a node at [mem 0x0000000000000000-0x000000007ffeffff]
[    0.000000] NODE_DATA(0) allocated [mem 0x7ffeb000-0x7ffeffff]
[    0.000000] kvm-clock: Using msrs 4b564d01 and 4b564d00
[    0.000000] kvm-clock: cpu 0, msr 0:7ffe3001, primary cpu clock
[    0.000000] kvm-clock: using sched offset of 4757730022 cycles
[    0.000000] clocksource: kvm-clock: mask: 0xffffffffffffffff max_cycles: 0x1cd42e4dffb, max_idle_ns: 881590591483 ns
[    0.000000] Zone ranges:
[    0.000000]   DMA      [mem 0x0000000000001000-0x0000000000ffffff]
[    0.000000]   DMA32    [mem 0x0000000001000000-0x000000007ffeffff]
[    0.000000]   Normal   empty
[    0.000000]   Device   empty
[    0.000000] Movable zone start for each node
[    0.000000] Early memory node ranges
[    0.000000]   node   0: [mem 0x0000000000001000-0x000000000009efff]
[    0.000000]   node   0: [mem 0x0000000000100000-0x000000007ffeffff]
[    0.000000] Initmem setup node 0 [mem 0x0000000000001000-0x000000007ffeffff]
[    0.000000] ACPI: PM-Timer IO Port: 0x4008
[    0.000000] IOAPIC[0]: apic_id 2, version 32, address 0xfec00000, GSI 0-23
[    0.000000] ACPI: INT_SRC_OVR (bus 0 bus_irq 0 global_irq 2 dfl dfl)
[    0.000000] ACPI: INT_SRC_OVR (bus 0 bus_irq 9 global_irq 9 low level)
[    0.000000] Using ACPI (MADT) for SMP configuration information
[    0.000000] smpboot: Allowing 2 CPUs, 0 hotplug CPUs
[    0.000000] PM: Registered nosave memory: [mem 0x00000000-0x00000fff]
[    0.000000] PM: Registered nosave memory: [mem 0x0009f000-0x0009ffff]
[    0.000000] PM: Registered nosave memory: [mem 0x000a0000-0x000effff]
[    0.000000] PM: Registered nosave memory: [mem 0x000f0000-0x000fffff]
[    0.000000] e820: [mem 0x80000000-0xfebfffff] available for PCI devices
[    0.000000] Booting paravirtualized kernel on KVM
[    0.000000] clocksource: refined-jiffies: mask: 0xffffffff max_cycles: 0xffffffff, max_idle_ns: 7645519600211568 ns
[    0.000000] setup_percpu: NR_CPUS:512 nr_cpumask_bits:512 nr_cpu_ids:2 nr_node_ids:1
[    0.000000] PERCPU: Embedded 33 pages/cpu @ffff88007fc00000 s95448 r8192 d31528 u1048576
[    0.000000] Built 1 zonelists in Node order, mobility grouping on.  Total pages: 515960
[    0.000000] Policy zone: DMA32
[    0.000000] Kernel command line: BOOT_IMAGE=/boot/vmlinuz-4.4.0-177-generic root=LABEL=cloudimg-rootfs ro console=tty1 console=ttyS0
[    0.000000] PID hash table entries: 4096 (order: 3, 32768 bytes)
[    0.000000] Memory: 2029872K/2096696K available (8626K kernel code, 1336K rwdata, 4036K rodata, 1488K init, 1292K bss, 66824K reserved, 0K cma-reserved)
[    0.000000] SLUB: HWalign=64, Order=0-3, MinObjects=0, CPUs=2, Nodes=1
[    0.000000] Kernel/User page tables isolation: enabled
[    0.000000] Hierarchical RCU implementation.
[    0.000000] 	Build-time adjustment of leaf fanout to 64.
[    0.000000] 	RCU restricting CPUs from NR_CPUS=512 to nr_cpu_ids=2.
[    0.000000] RCU: Adjusting geometry for rcu_fanout_leaf=64, nr_cpu_ids=2
[    0.000000] NR_IRQS:33024 nr_irqs:440 16
[    0.000000] Console: colour VGA+ 80x25
[    0.000000] console [tty1] enabled
[    0.000000] console [ttyS0] enabled
[    0.000000] tsc: Detected 2903.998 MHz processor
[    0.174738] Calibrating delay loop (skipped) preset value.. 5807.99 BogoMIPS (lpj=11615992)
[    0.176704] pid_max: default: 32768 minimum: 301
[    0.177791] ACPI: Core revision 20150930
[    0.179716] ACPI: 2 ACPI AML tables successfully acquired and loaded
[    0.181513] Security Framework initialized
[    0.182754] Yama: becoming mindful.
[    0.183891] AppArmor: AppArmor initialized
[    0.186264] Dentry cache hash table entries: 262144 (order: 9, 2097152 bytes)
[    0.188057] Inode-cache hash table entries: 131072 (order: 8, 1048576 bytes)
[    0.190901] Mount-cache hash table entries: 4096 (order: 3, 32768 bytes)
[    0.192390] Mountpoint-cache hash table entries: 4096 (order: 3, 32768 bytes)
[    0.194070] Initializing cgroup subsys io
[    0.195680] Initializing cgroup subsys memory
[    0.196720] Initializing cgroup subsys devices
[    0.197871] Initializing cgroup subsys freezer
[    0.199428] Initializing cgroup subsys net_cls
[    0.200451] Initializing cgroup subsys perf_event
[    0.201559] Initializing cgroup subsys net_prio
[    0.202942] Initializing cgroup subsys hugetlb
[    0.204249] Initializing cgroup subsys pids
[    0.206231] mce: CPU supports 0 MCE banks
[    0.207305] Last level iTLB entries: 4KB 64, 2MB 8, 4MB 8
[    0.208509] Last level dTLB entries: 4KB 64, 2MB 0, 4MB 0, 1GB 4
[    0.209920] Spectre V1 : Mitigation: usercopy/swapgs barriers and __user pointer sanitization
[    0.211863] Spectre V2 : Mitigation: Full generic retpoline
[    0.213097] Spectre V2 : Spectre v2 / SpectreRSB mitigation: Filling RSB on context switch
[    0.215056] Speculative Store Bypass: Vulnerable
[    0.216187] MDS: Mitigation: Clear CPU buffers
[    0.219637] Freeing SMP alternatives memory: 36K
[    0.226671] ftrace: allocating 32304 entries in 127 pages
[    0.280185] smpboot: APIC(0) Converting physical 0 to logical package 0
[    0.282123] smpboot: Max logical packages: 1
[    0.283289] x2apic enabled
[    0.284181] Switched APIC routing to physical x2apic.
[    0.286252] ..TIMER: vector=0x30 apic1=0 pin1=2 apic2=-1 pin2=-1
[    0.395651] smpboot: CPU0: Intel(R) Core(TM) i7-7820HQ CPU @ 2.90GHz (family: 0x6, model: 0x9e, stepping: 0x9)
[    0.398515] Performance Events: unsupported p6 CPU model 158 no PMU driver, software events only.
[    0.413260] KVM setup paravirtual spinlock
[    0.416595] x86: Booting SMP configuration:
[    0.417922] .... node  #0, CPUs:      #1
[    0.418952] kvm-clock: cpu 1, msr 0:7ffe3041, secondary cpu clock
[    0.421097] mce: CPU supports 0 MCE banks
[    0.423921] x86: Booted up 1 node, 2 CPUs
[    0.425176] smpboot: Total of 2 processors activated (11615.99 BogoMIPS)
[    0.427051] devtmpfs: initialized
[    0.429660] evm: security.selinux
[    0.430496] evm: security.SMACK64
[    0.431311] evm: security.SMACK64EXEC
[    0.432231] evm: security.SMACK64TRANSMUTE
[    0.433192] evm: security.SMACK64MMAP
[    0.434070] evm: security.ima
[    0.434871] evm: security.capability
[    0.436239] clocksource: jiffies: mask: 0xffffffff max_cycles: 0xffffffff, max_idle_ns: 7645041785100000 ns
[    0.439062] futex hash table entries: 512 (order: 3, 32768 bytes)
[    0.440890] pinctrl core: initialized pinctrl subsystem
[    0.442197] RTC time: 17:55:23, date: 05/05/20
[    0.443484] NET: Registered protocol family 16
[    0.456157] cpuidle: using governor ladder
[    0.468092] cpuidle: using governor menu
[    0.469245] PCCT header not found.
[    0.470142] ACPI: bus type PCI registered
[    0.471090] acpiphp: ACPI Hot Plug PCI Controller Driver version: 0.5
[    0.473081] PCI: Using configuration type 1 for base access
[    0.484904] ACPI: Added _OSI(Module Device)
[    0.486440] ACPI: Added _OSI(Processor Device)
[    0.487539] ACPI: Added _OSI(3.0 _SCP Extensions)
[    0.489148] ACPI: Added _OSI(Processor Aggregator Device)
[    0.491389] ACPI: Executed 1 blocks of module-level executable AML code
[    0.497121] ACPI: Interpreter enabled
[    0.498378] ACPI: (supports S0 S5)
[    0.499762] ACPI: Using IOAPIC for interrupt routing
[    0.501774] PCI: Using host bridge windows from ACPI; if necessary, use "pci=nocrs" and report a bug
[    0.511386] ACPI: PCI Root Bridge [PCI0] (domain 0000 [bus 00-ff])
[    0.513321] acpi PNP0A03:00: _OSC: OS supports [ASPM ClockPM Segments MSI]
[    0.515566] acpi PNP0A03:00: _OSC: not requesting OS control; OS requires [ExtendedConfig ASPM ClockPM MSI]
[    0.518681] acpi PNP0A03:00: fail to add MMCONFIG information, can't access extended PCI configuration space under this bridge.
[    0.522036] PCI host bridge to bus 0000:00
[    0.523043] pci_bus 0000:00: root bus resource [io  0x0000-0x0cf7 window]
[    0.524678] pci_bus 0000:00: root bus resource [io  0x0d00-0xffff window]
[    0.526564] pci_bus 0000:00: root bus resource [mem 0x000a0000-0x000bffff window]
[    0.528734] pci_bus 0000:00: root bus resource [mem 0x80000000-0xfdffffff window]
[    0.530645] pci_bus 0000:00: root bus resource [bus 00-ff]
[    0.534511] pci 0000:00:01.1: legacy IDE quirk: reg 0x10: [io  0x01f0-0x01f7]
[    0.536250] pci 0000:00:01.1: legacy IDE quirk: reg 0x14: [io  0x03f6]
[    0.537898] pci 0000:00:01.1: legacy IDE quirk: reg 0x18: [io  0x0170-0x0177]
[    0.539997] pci 0000:00:01.1: legacy IDE quirk: reg 0x1c: [io  0x0376]
[    0.570681] pci 0000:00:07.0: quirk: [io  0x4000-0x403f] claimed by PIIX4 ACPI
[    0.572682] pci 0000:00:07.0: quirk: [io  0x4100-0x410f] claimed by PIIX4 SMB
[    0.586501] ACPI: PCI Interrupt Link [LNKA] (IRQs 5 9 10 *11)
[    0.588941] ACPI: PCI Interrupt Link [LNKB] (IRQs 5 9 *10 11)
[    0.590523] ACPI: PCI Interrupt Link [LNKC] (IRQs 5 *9 10 11)
[    0.592131] ACPI: PCI Interrupt Link [LNKD] (IRQs 5 9 10 *11)
[    0.593764] ACPI: Enabled 2 GPEs in block 00 to 07
[    0.595134] vgaarb: setting as boot device: PCI:0000:00:02.0
[    0.597099] vgaarb: device added: PCI:0000:00:02.0,decodes=io+mem,owns=io+mem,locks=none
[    0.599965] vgaarb: loaded
[    0.601000] vgaarb: bridge control possible 0000:00:02.0
[    0.602417] SCSI subsystem initialized
[    0.603456] ACPI: bus type USB registered
[    0.604491] usbcore: registered new interface driver usbfs
[    0.606121] usbcore: registered new interface driver hub
[    0.607389] usbcore: registered new device driver usb
[    0.608747] PCI: Using ACPI for IRQ routing
[    0.610100] NetLabel: Initializing
[    0.610936] NetLabel:  domain hash size = 128
[    0.611944] NetLabel:  protocols = UNLABELED CIPSOv4
[    0.613123] NetLabel:  unlabeled traffic allowed by default
[    0.614550] amd_nb: Cannot enumerate AMD northbridges
[    0.615935] clocksource: Switched to clocksource kvm-clock
[    0.624099] AppArmor: AppArmor Filesystem Enabled
[    0.626074] pnp: PnP ACPI init
[    0.628256] pnp: PnP ACPI: found 3 devices
[    0.640219] clocksource: acpi_pm: mask: 0xffffff max_cycles: 0xffffff, max_idle_ns: 2085701024 ns
[    0.642399] NET: Registered protocol family 2
[    0.643571] TCP established hash table entries: 16384 (order: 5, 131072 bytes)
[    0.645465] TCP bind hash table entries: 16384 (order: 6, 262144 bytes)
[    0.646933] TCP: Hash tables configured (established 16384 bind 16384)
[    0.648421] UDP hash table entries: 1024 (order: 3, 32768 bytes)
[    0.649888] UDP-Lite hash table entries: 1024 (order: 3, 32768 bytes)
[    0.651357] NET: Registered protocol family 1
[    0.652411] pci 0000:00:00.0: Limiting direct PCI/PCI transfers
[    0.653742] pci 0000:00:01.0: Activating ISA DMA hang workarounds
[    0.655260] Unpacking initramfs...
[    0.856818] Freeing initrd memory: 14872K
[    0.858294] clocksource: tsc: mask: 0xffffffffffffffff max_cycles: 0x29dc03c1beb, max_idle_ns: 440795205215 ns
[    0.860633] platform rtc_cmos: registered platform RTC device (no PNP device found)
[    0.862745] Scanning for low memory corruption every 60 seconds
[    0.864548] audit: initializing netlink subsys (disabled)
[    0.865848] audit: type=2000 audit(1588701329.679:1): initialized
[    0.867535] Initialise system trusted keyring
[    0.868847] HugeTLB registered 2 MB page size, pre-allocated 0 pages
[    0.871573] zbud: loaded
[    0.872651] VFS: Disk quotas dquot_6.6.0
[    0.873815] VFS: Dquot-cache hash table entries: 512 (order 0, 4096 bytes)
[    0.875635] squashfs: version 4.0 (2009/01/31) Phillip Lougher
[    0.878079] fuse init (API version 7.23)
[    0.879112] Key type big_key registered
[    0.880558] Allocating IMA MOK and blacklist keyrings.
[    0.883858] Key type asymmetric registered
[    0.884920] Asymmetric key parser 'x509' registered
[    0.886514] Block layer SCSI generic (bsg) driver version 0.4 loaded (major 249)
[    0.888475] io scheduler noop registered
[    0.889727] io scheduler deadline registered (default)
[    0.890905] io scheduler cfq registered
[    0.891908] pci_hotplug: PCI Hot Plug PCI Core version: 0.5
[    0.893207] pciehp: PCI Express Hot Plug Controller Driver version: 0.4
[    0.894995] ACPI: AC Adapter [AC] (on-line)
[    0.896427] input: Power Button as /devices/LNXSYSTM:00/LNXPWRBN:00/input/input0
[    0.898546] ACPI: Power Button [PWRF]
[    0.899645] input: Sleep Button as /devices/LNXSYSTM:00/LNXSLPBN:00/input/input1
[    0.901588] ACPI: Sleep Button [SLPF]
[    0.902745] GHES: HEST is not enabled!
[    0.904119] ACPI: Battery Slot [BAT0] (battery present)
[    0.905511] Serial: 8250/16550 driver, 32 ports, IRQ sharing enabled
[    0.927844] 00:02: ttyS0 at I/O 0x3f8 (irq = 4, base_baud = 115200) is a 16550A
[    0.932800] Linux agpgart interface v0.103
[    0.937788] loop: module loaded
[    0.939264] scsi host0: ata_piix
[    0.940333] scsi host1: ata_piix
[    0.941189] ata1: PATA max UDMA/33 cmd 0x1f0 ctl 0x3f6 bmdma 0xd000 irq 14
[    0.942793] ata2: PATA max UDMA/33 cmd 0x170 ctl 0x376 bmdma 0xd008 irq 15
[    0.945075] libphy: Fixed MDIO Bus: probed
[    0.946540] tun: Universal TUN/TAP device driver, 1.6
[    0.947710] tun: (C) 1999-2004 Max Krasnyansky <maxk@qualcomm.com>
[    0.949280] PPP generic driver version 2.4.2
[    0.950544] ehci_hcd: USB 2.0 'Enhanced' Host Controller (EHCI) Driver
[    0.952085] ehci-pci: EHCI PCI platform driver
[    0.953146] ehci-platform: EHCI generic platform driver
[    0.954575] ohci_hcd: USB 1.1 'Open' Host Controller (OHCI) Driver
[    0.956873] ohci-pci: OHCI PCI platform driver
[    0.958131] ohci-platform: OHCI generic platform driver
[    0.959347] uhci_hcd: USB Universal Host Controller Interface driver
[    0.960875] i8042: PNP: PS/2 Controller [PNP0303:PS2K,PNP0f03:PS2M] at 0x60,0x64 irq 1,12
[    0.963710] serio: i8042 KBD port at 0x60,0x64 irq 1
[    0.964908] serio: i8042 AUX port at 0x60,0x64 irq 12
[    0.967539] mousedev: PS/2 mouse device common for all mice
[    0.969192] input: AT Translated Set 2 keyboard as /devices/platform/i8042/serio0/input/input2
[    0.971845] rtc_cmos rtc_cmos: rtc core: registered rtc_cmos as rtc0
[    0.973592] rtc_cmos rtc_cmos: alarms up to one day, 114 bytes nvram
[    0.975273] i2c /dev entries driver
[    0.976384] device-mapper: uevent: version 1.0.3
[    0.978163] device-mapper: ioctl: 4.34.0-ioctl (2015-10-28) initialised: dm-devel@redhat.com
[    0.980291] ledtrig-cpu: registered to indicate activity on CPUs
[    0.982040] NET: Registered protocol family 10
[    0.983249] NET: Registered protocol family 17
[    0.984356] Key type dns_resolver registered
[    0.985782] registered taskstats version 1
[    0.987029] Loading compiled-in X.509 certificates
[    0.989038] Loaded X.509 cert 'Build time autogenerated kernel key: a048edf52b07f04005c7780de0f875c713550332'
[    0.991472] zswap: loaded using pool lzo/zbud
[    0.994441] Key type trusted registered
[    0.998440] Key type encrypted registered
[    0.999479] AppArmor: AppArmor sha1 policy hashing enabled
[    1.000850] ima: No TPM chip found, activating TPM-bypass!
[    1.002249] ima: Allocated hash algorithm: sha1
[    1.003478] evm: HMAC attrs: 0x1
[    1.004814]   Magic number: 4:64:946
[    1.005710] tty tty3: hash matches
[    1.006856] processor cpu1: hash matches
[    1.008283] rtc_cmos rtc_cmos: setting system clock to 2020-05-05 17:55:23 UTC (1588701323)
[    1.011139] BIOS EDD facility v0.16 2004-Jun-25, 0 devices found
[    1.012700] EDD information not available.
[    1.124115] Freeing unused kernel memory: 1488K
[    1.125744] Write protecting the kernel read-only data: 14336k
[    1.127606] Freeing unused kernel memory: 1604K
[    1.129076] Freeing unused kernel memory: 60K
Loading, please wait...
starting version 229
[    1.142222] random: systemd-udevd: uninitialized urandom read (16 bytes read, 3 bits of entropy available)
[    1.142634] random: udevadm: uninitialized urandom read (16 bytes read, 3 bits of entropy available)
[    1.142649] random: udevadm: uninitialized urandom read (16 bytes read, 3 bits of entropy available)
[    1.148857] random: udevadm: uninitialized urandom read (16 bytes read, 3 bits of entropy available)
[    1.148890] random: udevadm: uninitialized urandom read (16 bytes read, 3 bits of entropy available)
[    1.148994] random: udevadm: uninitialized urandom read (16 bytes read, 3 bits of entropy available)
[    1.149030] random: udevadm: uninitialized urandom read (16 bytes read, 3 bits of entropy available)
[    1.149067] random: udevadm: uninitialized urandom read (16 bytes read, 3 bits of entropy available)
[    1.149105] random: udevadm: uninitialized urandom read (16 bytes read, 3 bits of entropy available)
[    1.149158] random: udevadm: uninitialized urandom read (16 bytes read, 3 bits of entropy available)
[    1.193692] e1000: Intel(R) PRO/1000 Network Driver - version 7.3.21-k8-NAPI
[    1.195579] e1000: Copyright (c) 1999-2006 Intel Corporation.
[    1.200763] Fusion MPT base driver 3.04.20
[    1.202082] Copyright (c) 1999-2008 LSI Corporation
[    1.214081] Fusion MPT SPI Host driver 3.04.20
[    1.219245] AVX2 version of gcm_enc/dec engaged.
[    1.220728] AES CTR mode by8 optimization enabled
[    1.405687] input: ImExPS/2 Generic Explorer Mouse as /devices/platform/i8042/serio1/input/input4
[    1.605142] e1000 0000:00:03.0 eth0: (PCI:33MHz:32-bit) 02:f4:cb:fd:67:72
[    1.607091] e1000 0000:00:03.0 eth0: Intel(R) PRO/1000 Network Connection
[    2.258286] e1000 0000:00:08.0 eth1: (PCI:33MHz:32-bit) 08:00:27:df:c4:76
[    2.260679] e1000 0000:00:08.0 eth1: Intel(R) PRO/1000 Network Connection
[    2.264041] e1000 0000:00:03.0 enp0s3: renamed from eth0
[    2.266461] mptbase: ioc0: Initiating bringup
[    2.284834] e1000 0000:00:08.0 enp0s8: renamed from eth1
[    3.020153] ioc0: LSI53C1030 A0: Capabilities={Initiator}
[    5.835745] scsi host2: ioc0: LSI53C1030 A0, FwRev=00000000h, Ports=1, MaxQ=256, IRQ=20
[    7.321298] scsi 2:0:0:0: Direct-Access     VBOX     HARDDISK         1.0  PQ: 0 ANSI: 5
[    7.324354] scsi target2:0:0: Beginning Domain Validation
[    7.328246] scsi target2:0:0: Domain Validation skipping write tests
[    7.329778] scsi target2:0:0: Ending Domain Validation
[    7.331060] scsi target2:0:0: asynchronous
[    7.348661] scsi 2:0:1:0: Direct-Access     VBOX     HARDDISK         1.0  PQ: 0 ANSI: 5
[    7.351646] scsi target2:0:1: Beginning Domain Validation
[    7.354516] scsi target2:0:1: Domain Validation skipping write tests
[    7.356135] scsi target2:0:1: Ending Domain Validation
[    7.357492] scsi target2:0:1: asynchronous
[    7.364088] sd 2:0:0:0: Attached scsi generic sg0 type 0
[    7.365725] sd 2:0:0:0: [sda] 20971520 512-byte logical blocks: (10.7 GB/10.0 GiB)
[    7.367536] sd 2:0:1:0: [sdb] 20480 512-byte logical blocks: (10.5 MB/10.0 MiB)
[    7.369327] sd 2:0:1:0: Attached scsi generic sg1 type 0
[    7.370700] sd 2:0:0:0: [sda] Write Protect is off
[    7.370740] sd 2:0:1:0: [sdb] Write Protect is off
[    7.370959] sd 2:0:1:0: [sdb] Incomplete mode parameter data
[    7.370961] sd 2:0:1:0: [sdb] Assuming drive cache: write through
[    7.373023] sd 2:0:1:0: [sdb] Attached SCSI disk
[    7.377212] sd 2:0:0:0: [sda] Incomplete mode parameter data
[    7.378474] sd 2:0:0:0: [sda] Assuming drive cache: write through
[    7.382862]  sda: sda1
[    7.384485] sd 2:0:0:0: [sda] Attached SCSI disk
Begin: Loading essential drivers ... [    8.673141] md: linear personality registered for level -1
[    8.676821] md: multipath personality registered for level -4
[    8.680477] md: raid0 personality registered for level 0
[    8.684946] md: raid1 personality registered for level 1
[    8.756489] raid6: sse2x1   gen() 10432 MB/s
[    8.823986] raid6: sse2x1   xor()  8755 MB/s
[    8.892224] raid6: sse2x2   gen() 12579 MB/s
[    8.960429] raid6: sse2x2   xor()  8743 MB/s
[    9.028213] raid6: sse2x4   gen() 15220 MB/s
[    9.096010] raid6: sse2x4   xor() 10702 MB/s
[    9.164277] raid6: avx2x1   gen() 21271 MB/s
[    9.231952] raid6: avx2x2   gen() 24755 MB/s
[    9.300258] raid6: avx2x4   gen() 27813 MB/s
[    9.301646] raid6: using algorithm avx2x4 gen() 27813 MB/s
[    9.302846] raid6: using avx2x2 recovery algorithm
[    9.305520] xor: automatically using best checksumming function:
[    9.345367]    avx       : 29005.000 MB/sec
[    9.347934] async_tx: api initialized (async)
[    9.357323] md: raid6 personality registered for level 6
[    9.359389] md: raid5 personality registered for level 5
[    9.361012] md: raid4 personality registered for level 4
[    9.367440] md: raid10 personality registered for level 10
done.
Begin: Running /scripts/init-premount ... done.
Begin: Mounting root file system ... Begin: Running /scripts/local-top ... done.
Begin: Running /scripts/local-premount ... [    9.396789] Btrfs loaded
Scanning for Btrfs filesystems
done.
Warning: fsck not present, so skipping root file system
[    9.432570] EXT4-fs (sda1): mounted filesystem with ordered data mode. Opts: (null)
done.
Begin: Running /scripts/local-bottom ... done.
Begin: Running /scripts/init-bottom ... done.
[    9.526128] systemd[1]: systemd 229 running in system mode. (+PAM +AUDIT +SELINUX +IMA +APPARMOR +SMACK +SYSVINIT +UTMP +LIBCRYPTSETUP +GCRYPT +GNUTLS +ACL +XZ -LZ4 +SECCOMP +BLKID +ELFUTILS +KMOD -IDN)
[    9.530705] systemd[1]: Detected virtualization oracle.
[    9.531866] systemd[1]: Detected architecture x86-64.

Welcome to [1mUbuntu 16.04.6 LTS[0m!

[    9.537047] systemd[1]: Set hostname to <ubuntu>.
[    9.541020] systemd[1]: Initializing machine ID from random generator.
[    9.542466] systemd[1]: Installed transient /etc/machine-id file.
[    9.698885] systemd[1]: Listening on LVM2 poll daemon socket.
[[0;32m  OK  [0m] Listening on LVM2 poll daemon socket.
[    9.704464] systemd[1]: Created slice User and Session Slice.
[[0;32m  OK  [0m] Created slice User and Session Slice.
[    9.716623] systemd[1]: Listening on Syslog Socket.
[[0;32m  OK  [0m] Listening on Syslog Socket.
[    9.719525] systemd[1]: Listening on /dev/initctl Compatibility Named Pipe.
[[0;32m  OK  [0m] Listening on /dev/initctl Compatibility Named Pipe.
[    9.728539] systemd[1]: Reached target User and Group Name Lookups.
[[0;32m  OK  [0m] Reached target User and Group Name Lookups.
[    9.734053] systemd[1]: Created slice System Slice.
[[0;32m  OK  [0m] Created slice System Slice.
[    9.737406] systemd[1]: Started Trigger resolvconf update for networkd DNS.
[[0;32m  OK  [0m] Started Trigger resolvconf update for networkd DNS.
[    9.744403] systemd[1]: Reached target Encrypted Volumes.
[[0;32m  OK  [0m] Reached target Encrypted Volumes.
[    9.756591] systemd[1]: Set up automount Arbitrary Executable File Formats File System Automount Point.
[[0;32m  OK  [0m] Set up automount Arbitrary Executab...ats File System Automount Point.
[    9.774241] systemd[1]: Started Forward Password Requests to Wall Directory Watch.
[[0;32m  OK  [0m] Started Forward Password Requests to Wall Directory Watch.
[    9.781416] systemd[1]: Listening on Journal Socket (/dev/log).
[[0;32m  OK  [0m] Listening on Journal Socket (/dev/log).
[    9.792443] systemd[1]: Created slice system-serial\x2dgetty.slice.
[[0;32m  OK  [0m] Created slice system-serial\x2dgetty.slice.
[    9.795660] systemd[1]: Listening on udev Kernel Socket.
[[0;32m  OK  [0m] Listening on udev Kernel Socket.
[    9.798572] systemd[1]: Listening on udev Control Socket.
[[0;32m  OK  [0m] Listening on udev Control Socket.
[    9.801289] systemd[1]: Reached target System Time Synchronized.
[[0;32m  OK  [0m] Reached target System Time Synchronized.
[    9.804205] systemd[1]: Listening on LVM2 metadata daemon socket.
[[0;32m  OK  [0m] Listening on LVM2 metadata daemon socket.
[    9.807441] systemd[1]: Reached target Swap.
[[0;32m  OK  [0m] Reached target Swap.
[    9.809770] systemd[1]: Reached target Slices.
[[0;32m  OK  [0m] Reached target Slices.
[    9.811792] systemd[1]: Listening on Journal Audit Socket.
[[0;32m  OK  [0m] Listening on Journal Audit Socket.
[    9.814462] systemd[1]: Listening on Device-mapper event daemon FIFOs.
[[0;32m  OK  [0m] Listening on Device-mapper event daemon FIFOs.
[    9.817553] systemd[1]: Listening on Journal Socket.
[[0;32m  OK  [0m] Listening on Journal Socket.
[    9.832657] systemd[1]: Starting Journal Service...
         Starting Journal Service...
[    9.837194] systemd[1]: Mounting Debug File System...
         Mounting Debug File System...
[    9.849514] systemd[1]: Starting Set console keymap...
         Starting Set console keymap...
[    9.853754] systemd[1]: Starting Load Kernel Modules...
         Starting Load Kernel Modules...
[    9.856948] systemd[1]: Starting Uncomplicated firewall...
         Starting Uncomplicated firewall...
[    9.864607] systemd[1]: Starting Nameserver information manager...
[    9.866316] Loading iSCSI transport class v2.0-870.
         Starting Nameserver information manager...
[    9.874656] iscsi: registered transport (tcp)
[    9.880635] systemd[1]: Mounting POSIX Message Queue File System...
         Mounting POSIX Message Queue File System...
[    9.885976] systemd[1]: Starting Create list of required static device nodes for the current kernel...
         Starting Create list of required st... nodes for the current kernel...
[    9.892868] systemd[1]: Mounting Huge Pages File System...
         Mounting Huge Pages File System...
[    9.897302] systemd[1]: Starting Remount Root and Kernel File Systems...
         Starting Remount Root and Kernel File Systems...
[    9.901493] systemd[1]: Starting Monitoring of LVM2 mirrors, snapshots etc. using dmeventd or progress polling...
[    9.904395] EXT4-fs (sda1): re-mounted. Opts: (null)
         Starting Monitoring of LVM2 mirrors... dmeventd or progress polling...
[    9.908754] systemd[1]: Mounted Debug File System.
[[0;32m  OK  [0m] Mounted Debug File System.
[    9.911166] systemd[1]: Mounted POSIX Message Queue File System.
[[0;32m  OK  [0m] Mounted POSIX Message Queue File System.
[    9.914730] systemd[1]: Mounted Huge Pages File System.
[[0;32m  OK  [0m] Mounted Huge Pages File System.
[    9.919014] systemd[1]: Started Journal Service.
[[0;32m  OK  [0m] Started Journal Service.
[[0;32m  OK  [0m] Started Uncomplicated firewall.
[[0;32m  OK  [0m] Started Set console keymap.
[[0;32m  OK  [0m] Started Create list of required sta...ce nodes for the current kernel.
[    9.934208] iscsi: registered transport (iser)
[[0;32m  OK  [0m] Started Load Kernel Modules.
[[0;32m  OK  [0m] Started Remount Root and Kernel File Systems.
[[0;32m  OK  [0m] Started Nameserver information manager.
[[0;32m  OK  [0m] Started LVM2 metadata daemon.
         Starting udev Coldplug all Devices...
         Starting Load/Save Random Seed...
         Mounting FUSE Control File System...
         Starting Apply Kernel Variables...
         Starting Create Static Device Nodes in /dev...
         Starting Flush Journal to Persistent Storage...
[[0;32m  OK  [0m] Mounted FUSE Control File System.
[[0;32m  OK  [0m] Started Load/Save Random Seed.
[[0;32m  OK  [0m] Started Apply Kernel Variables.
[[0;32m  OK  [0m] Started Flush Journal to Persistent Storage.
[[0;32m  OK  [0m] Started Create Static Device Nodes in /dev.
         Starting udev Kernel Device Manager...
[[0;32m  OK  [0m] Started udev Coldplug all Devices.
[[0;32m  OK  [0m] Started udev Kernel Device Manager.
[[0;32m  OK  [0m] Started Dispatch Password Requests to Console Directory Watch.
[[0;32m  OK  [0m] Found device /dev/ttyS0.
[[0;32m  OK  [0m] Listening on Load/Save RF Kill Switch Status /dev/rfkill Watch.
[[0;32m  OK  [0m] Started Monitoring of LVM2 mirrors,...ng dmeventd or progress polling.
[[0;32m  OK  [0m] Reached target Local File Systems (Pre).
[[0;32m  OK  [0m] Reached target Local File Systems.
         Starting Commit a transient machine-id on disk...
         Starting Set console font and keymap...
         Starting Initial cloud-init job (pre-networking)...
         Starting Tell Plymouth To Write Out Runtime Data...
         Starting LSB: AppArmor initialization...
         Starting Create Volatile Files and Directories...
[[0;32m  OK  [0m] Started Commit a transient machine-id on disk.
[[0;32m  OK  [0m] Started Create Volatile Files and Directories.
         Starting Update UTMP about System Boot/Shutdown...
[[0;32m  OK  [0m] Started Tell Plymouth To Write Out Runtime Data.
[[0;32m  OK  [0m] Started Update UTMP about System Boot/Shutdown.
[[0;32m  OK  [0m] Started LSB: AppArmor initialization.
[[0;32m  OK  [0m] Started Set console font and keymap.
[[0;32m  OK  [0m] Created slice system-getty.slice.
[   11.486654] cloud-init[639]: Cloud-init v. 19.4-33-gbb4131a2-0ubuntu1~16.04.1 running 'init-local' at Tue, 05 May 2020 17:55:33 +0000. Up 11.21 seconds.
[[0;32m  OK  [0m] Started Initial cloud-init job (pre-networking).
[[0;32m  OK  [0m] Reached target Network (Pre).
         Starting Raise network interfaces...
[[0;32m  OK  [0m] Started Raise network interfaces.
[[0;32m  OK  [0m] Reached target Network.
         Starting Initial cloud-init job (metadata service crawler)...
[   12.458157] cloud-init[968]: Cloud-init v. 19.4-33-gbb4131a2-0ubuntu1~16.04.1 running 'init' at Tue, 05 May 2020 17:55:34 +0000. Up 11.97 seconds.
[   12.459901] cloud-init[968]: ci-info: ++++++++++++++++++++++++++++++++++++++Net device info+++++++++++++++++++++++++++++++++++++++
[   12.464001] cloud-init[968]: ci-info: +--------+-------+----------------------------+---------------+--------+-------------------+
[   12.472963] cloud-init[968]: ci-info: | Device |   Up  |          Address           |      Mask     | Scope  |     Hw-Address    |
[   12.474451] cloud-init[968]: ci-info: +--------+-------+----------------------------+---------------+--------+-------------------+
[   12.476413] cloud-init[968]: ci-info: | enp0s3 |  True |         10.0.2.15          | 255.255.255.0 | global | 02:f4:cb:fd:67:72 |
[   12.478039] cloud-init[968]: ci-info: | enp0s3 |  True | fe80::f4:cbff:fefd:6772/64 |       .       |  link  | 02:f4:cb:fd:67:72 |
[   12.485065] cloud-init[968]: ci-info: | enp0s8 | False |             .              |       .       |   .    | 08:00:27:df:c4:76 |
[   12.487082] cloud-init[968]: ci-info: |   lo   |  True |         127.0.0.1          |   255.0.0.0   |  host  |         .         |
[   12.488690] cloud-init[968]: ci-info: |   lo   |  True |          ::1/128           |       .       |  host  |         .         |
[   12.490198] cloud-init[968]: ci-info: +--------+-------+----------------------------+---------------+--------+-------------------+
[   12.496539] cloud-init[968]: ci-info: +++++++++++++++++++++++++++Route IPv4 info++++++++++++++++++++++++++++
[   12.497933] cloud-init[968]: ci-info: +-------+-------------+----------+---------------+-----------+-------+
[   12.499324] cloud-init[968]: ci-info: | Route | Destination | Gateway  |    Genmask    | Interface | Flags |
[   12.501619] cloud-init[968]: ci-info: +-------+-------------+----------+---------------+-----------+-------+
[   12.503735] cloud-init[968]: ci-info: |   0   |   0.0.0.0   | 10.0.2.2 |    0.0.0.0    |   enp0s3  |   UG  |
[   12.506131] cloud-init[968]: ci-info: |   1   |   10.0.2.0  | 0.0.0.0  | 255.255.255.0 |   enp0s3  |   U   |
[   12.508403] cloud-init[968]: ci-info: +-------+-------------+----------+---------------+-----------+-------+
[   12.510769] cloud-init[968]: ci-info: +++++++++++++++++++Route IPv6 info+++++++++++++++++++
[[0;32m  OK  [0m] Started Initial cloud-init job (metadata service crawler).
[[0;32m  OK  [0m] Reached target System Initialization.
[   12.526894] cloud-init[968]: ci-info: +-------+-------------+---------+-----------+-------+
[   12.534826] cloud-init[968]: ci-info: | Route | Destination | Gateway | Interface | Flags |[[0;32m  OK  [0m] Started ACPI Events Check.
[[0;32m  OK  [0m] Reached target Paths.

[   12.538447] cloud-init[968]: ci-info: +-------+-------------+---------+-----------+-------+
[   12.540333] cloud-init[968]: ci-info: |   0   |  fe80::/64  |    ::   |   enp0s3  |   U   |
[   12.542188] cloud-init[968]: ci-info: |   3   |   ff00::/8  |    ::   |   enp0s3  |   U   |
[   12.544147] cloud-init[968]: ci-info: +-------+-------------+---------+-----------+-------+
         Starting LXD - unix socket.
[   12.549561] cloud-init[968]: Generating public/private rsa key pair.
[   12.556806] cloud-init[968]: Your identification has been saved in /etc/ssh/ssh_host_rsa_key.
[   12.557065] cloud-init[968]: [Your public key has been saved in /etc/ssh/ssh_host_rsa_key.pub.[0;32m  OK  [0m
] Listening on D-Bus System Message Bus Socket.
[[   12.557117] [0;32m  OK  [0mcloud-init] [968]: Started Daily Cleanup of Temporary Directories.The key fingerprint is:

[   12.566957] cloud-init[968]: SHA256:UdaEB9n3IH0djHsDuZxoQDtigUODy5r/1UJIFw+MDow root@ubuntu-xenial
[   12.567156] cloud-init[968]: The key's randomart image is:
[   12.567311] cloud-init[968]: +---[RSA 2048]----+
[   12.567347] cloud-init[968]: |  o oo++..+B..+.o|
[   12.567516] cloud-init[968]: | E + +..=++ =++.o|
[[0;32m  OK  [0m] Started Message of the Day.
[[   12.567616] cloud-init[968]: |  . +..+.+..oo=+ |
[   12.572695] cloud-init[968]: |   o..+ ...o = o.|
[0;32m  OK  [0m] Listening on UUID daemon activation socket.
[[   12.573923] [0;32m  OK  [0mcloud-init] [968]: Listening on ACPID Listen Socket.|  o  . .S .   . .|

[[   12.592713] [0;32m  OK  [0mcloud-init] [968]: Started Daily apt download activities.| o    . .        |

[   12.594354] cloud-init[968]: |  .    o .       |
[   12.594600] cloud-init[968]: |   .  . .        |
[[0;32m  OK  [0m] Started Daily apt upgrade and clean activities.
[[   12.594849] [0;32m  OK  [0mcloud-init] [968]: Reached target Timers.|    ..           |

[   12.606703] cloud-init[968]: +----[SHA256]-----+
[   12.606980] cloud-init[968]: Generating public/private dsa key pair.
         Starting Socket activation for snappy daemon.
[[   12.607119] cloud-init[968]: Your identification has been saved in /etc/ssh/ssh_host_dsa_key.
[0;32m  OK  [0m] Reached target Network is Online.
[   12.617765] cloud-init[968]: Your public key has been saved in /etc/ssh/ssh_host_dsa_key.pub.
[   12.627424] cloud-init[968]: The key fingerprint is:
[   12.628440] cloud-init[968]: SHA256:F564zBi47qTpmis5tOy06MFHCzfOUiAgThekdD/vKdI root@ubuntu-xenial
[   12.629646] cloud-init[968]: The key's randomart image is:
[   12.630557] cloud-init[968]: +---[DSA 1024]----+
[   12.637277] cloud-init[968]: |oo.=.            |
         Starting iSCSI initiator daemon (iscsid)...
[   12.637682] cloud-init[968]: |* + .            |
[   12.638966] cloud-init[968]: |.+   o    .      |
[   12.639274] cloud-init[968]: |. .  .o  o o     |
[[   12.639349] cloud-init[968]: | . =. ..S +      |
[0;32m  OK  [0m] Reached target Cloud-config availability.
[[   12.640534] cloud-init[968]: |..B +..=.o       |
[   12.642864] cloud-init[968]: |o*.*oE.o+        |
[0;32m  OK  [0m] Listening on LXD - unix socket.
[   12.643378] cloud-init[968]: |*+==. .          |
[   12.646408] cloud-init[968]: |OO+.o            |
[[   12.647520] cloud-init[968]: +----[SHA256]-----+
[   12.647972] cloud-init[968]: Generating public/private ecdsa key pair.
[   12.648284] cloud-init[968]: Your identification has been saved in /etc/ssh/ssh_host_ecdsa_key.
[0;32m  OK  [0m] Listening on Socket activation for snappy daemon.[   12.648356] cloud-init[968]: Your public key has been saved in /etc/ssh/ssh_host_ecdsa_key.pub.
[   12.652026] cloud-init[968]: The key fingerprint is:
[   12.652565] cloud-init[968]: SHA256:z9MNiB2DJr6t7rGOGvBQdIzi+VKqU+fiRAEKx6fRVgA root@ubuntu-xenial

[   12.652663] cloud-init[968]: The key's randomart image is:
[   12.656709] cloud-init[968]: +---[ECDSA 256]---+
[   12.656934] [cloud-init[0;32m  OK  [0m[968]: ] |o.E=oo.          |Reached target Sockets.

[[   12.656988] [0;32m  OK  [0mcloud-init] [968]: Reached target Basic System.|+++.=    .       |

[   12.665906] cloud-init[968]: |o.+=  . o o      |
[   12.676626] cloud-init[968]: | +.o . o o +     |
[   12.676878] cloud-init[968]: |o =   . S o .    |
[   12.676942] cloud-init[968]: | B...  o o . o   |
[   12.677006] cloud-init[968]: |..=o  o . + . .  |
         Starting Login Service...
[   12.677108] cloud-init[968]: |o..... +   .     |
[   12.684313] cloud-init[968]: | ooo.+*          |
[   12.684541] cloud-init[968]: +----[SHA256]-----+
[   12.685199] cloud-init[968]: Generating public/private ed25519 key pair.
[   12.685845] cloud-init[968]: Your identification has been saved in /etc/ssh/ssh_host_ed25519_key.
[   12.686526] cloud-init[968]: Your public key has been saved in /etc/ssh/ssh_host_ed25519_key.pub.
[   12.687121] cloud-init[968]: The key fingerprint is:
[   12.687762] cloud-init[968]: SHA256:nuVIUZ/Z4dJK5Ad5JXw1DKBZ868zoKKNyD7J2OvEIvA root@ubuntu-xenial
         Starting System Logging Service...
[   12.688499] cloud-init[968]: The key's randomart image is:
[   12.693621] cloud-init[968]: +--[ED25519 256]--+
[   12.694694] cloud-init[968]: |          .+++=o+|
[   12.696374] cloud-init[968]: |         .+++Bo+o|
         Starting Pollinate to seed the pseudo random number generator...
[   12.708879] cloud-init[968]: |        .o  Bo=. |
[[0;32m  OK  [0m] Started FUSE filesystem for LXC.
         Starting /etc/rc.local Compatibility...[   12.717815] cloud-init[968]: |         . . +.  |

[   12.723102] cloud-init[968]: |.       S ...  . |[[0;32m  OK  [0m] Started Regular background program processing daemon.

[   12.726820]          Starting Snappy daemon...
         Starting LSB: MD monitoring daemon...
         Starting LSB: Record successful boot for GRUB...
cloud-init[968]: |...    o =. . .  |
[[0;32m  OK  [0m] Started ACPI event daemon.
[[0;32m  OK  [0m] Started Deferred execution scheduler.
[[0;32m  OK  [0m] Started D-Bus System Message Bus.
[   12.736620] cloud-init[968]: |..Eo.  .+..  +   |
[   12.744557] cloud-init[968]: |..+=. + .     o  |
[   12.748997] cloud-init[968]: |  o*oo .         |
[   12.752523] cloud-init[968]: +----[SHA256]-----+
         Starting Virtualbox guest utils...
         Starting Accounts Service...
         Starting LXD - container startup/shutdown...
[[0;32m  OK  [0m] Started System Logging Service.
[[0;32m  OK  [0m] Started iSCSI initiator daemon (iscsid).
[[0;32m  OK  [0m] Started /etc/rc.local Compatibility.
         Starting Login to default iSCSI targets...
[[0;32m  OK  [0m] Started Login Service.
[[0;32m  OK  [0m] Started Unattended Upgrades Shutdown.
[[0;32m  OK  [0m] Started LSB: Record successful boot for GRUB.
[[0;32m  OK  [0m] Started LSB: MD monitoring daemon.
[[0;32m  OK  [0m] Started Login to default iSCSI targets.
[[0;32m  OK  [0m] Reached target Remote File Systems (Pre).
[[0;32m  OK  [0m] Reached target Remote File Systems.
         Starting LSB: daemon to balance interrupts for SMP systems...
         Starting LSB: Set the CPU Frequency Scaling governor to "ondemand"...
         Starting LSB: automatic crash report generation...
         Starting Permit User Sessions...
[[0;32m  OK  [0m] Started Permit User Sessions.
         Starting Hold until boot process finishes up...
         Starting Terminate Plymouth Boot Screen...
[[0;32m  OK  [0m] Started Hold until boot process finishes up.
[[0;32m  OK  [0m] Started Getty on tty1.
[[0;32m  OK  [0m] Started Serial Getty on ttyS0.
[[0;32m  OK  [0m] Reached target Login Prompts.
         Starting Set console scheme...
[[0;32m  OK  [0m] Started LXD - container startup/shutdown.
[[0;32m  OK  [0m] Started LSB: daemon to balance interrupts for SMP systems.
[[0;32m  OK  [0m] Started LSB: Set the CPU Frequency Scaling governor to "ondemand".
[[0;32m  OK  [0m] Started Virtualbox guest utils.
[[0;32m  OK  [0m] Started LSB: automatic crash report generation.
[[0;32m  OK  [0m] Started Terminate Plymouth Boot Screen.
[[0;32m  OK  [0m] Started Set console scheme.
         Starting Authenticate and Authorize Users to Run Privileged Tasks...
[[0;32m  OK  [0m] Started Authenticate and Authorize Users to Run Privileged Tasks.
[[0;32m  OK  [0m] Started Snappy daemon.
[[0;32m  OK  [0m] Started Accounts Service.
         Starting Wait until snapd is fully seeded...
[[0;32m  OK  [0m] Started Pollinate to seed the pseudo random number generator.
         Starting OpenBSD Secure Shell server...
[[0;32m  OK  [0m] Started OpenBSD Secure Shell server.
[[0;32m  OK  [0m] Started Wait until snapd is fully seeded.
         Starting Apply the settings specified in cloud-config...
[[0;32m  OK  [0m] Reached target Multi-User System.
[[0;32m  OK  [0m] Reached target Graphical Interface.
         Starting Update UTMP about System Runlevel Changes...
[[0;32m  OK  [0m] Started Update UTMP about System Runlevel Changes.
[   15.908824] cloud-init[1323]: Generating locales (this might take a while)...
[   16.595025] cloud-init[1323]:   en_US.UTF-8... done
[   16.604537] cloud-init[1323]: Generation complete.
[   16.835000] cloud-init[1323]: Cloud-init v. 19.4-33-gbb4131a2-0ubuntu1~16.04.1 running 'modules:config' at Tue, 05 May 2020 17:55:38 +0000. Up 15.83 seconds.
[[0;32m  OK  [0m] Started Apply the settings specified in cloud-config.
         Starting Execute cloud user/final scripts...
ci-info: no authorized SSH keys fingerprints found for user ubuntu.
<14>May  5 17:55:39 ec2: 
<14>May  5 17:55:39 ec2: #############################################################
<14>May  5 17:55:39 ec2: -----BEGIN SSH HOST KEY FINGERPRINTS-----
<14>May  5 17:55:39 ec2: 1024 SHA256:F564zBi47qTpmis5tOy06MFHCzfOUiAgThekdD/vKdI root@ubuntu-xenial (DSA)
<14>May  5 17:55:39 ec2: 256 SHA256:z9MNiB2DJr6t7rGOGvBQdIzi+VKqU+fiRAEKx6fRVgA root@ubuntu-xenial (ECDSA)
<14>May  5 17:55:39 ec2: 256 SHA256:nuVIUZ/Z4dJK5Ad5JXw1DKBZ868zoKKNyD7J2OvEIvA root@ubuntu-xenial (ED25519)
<14>May  5 17:55:39 ec2: 2048 SHA256:UdaEB9n3IH0djHsDuZxoQDtigUODy5r/1UJIFw+MDow root@ubuntu-xenial (RSA)
<14>May  5 17:55:39 ec2: -----END SSH HOST KEY FINGERPRINTS-----
<14>May  5 17:55:39 ec2: #############################################################
-----BEGIN SSH HOST KEY KEYS-----
ecdsa-sha2-nistp256 AAAAE2VjZHNhLXNoYTItbmlzdHAyNTYAAAAIbmlzdHAyNTYAAABBBAM/ra3TZ8JKQFj97xv6t5jr7CFNlhdautHwm+Vt8g9e/KFkId0qY9KMZqdOttOTXs0vvLXiMWNCY8q+MqckEUU= root@ubuntu-xenial
ssh-ed25519 AAAAC3NzaC1lZDI1NTE5AAAAIHdNN73pxGNjgk45GkfvZuKufeyguJGAsMx/So/UIAtP root@ubuntu-xenial
ssh-rsa AAAAB3NzaC1yc2EAAAADAQABAAABAQC6WOyRBGyn1vfx8hfDbibzFr2g3CpmVv3RaUXGSGOUtX+jgI911d4UTBJcF+RBdljiZ+mVjpM53WVfl3b0KDJ0RrCfJRtmE9uO6FbULvBjEDDphzbSGdF86jcu5YDD2eEgRIl7W3hPNzakg4BHlYSqAmClLBcgO3kddVrmCX1noWW371D6cgwU3yndjTa2Qte0+WM3dzh5DjR64Mkl92DzkHQaEYcrIAe1ffPfiREvnglEwW0tpRJPjgNadEP6ohM92LGYg/Fguj8APDhHb3+6H31wrmTcKgTrkEmSZgiGKNoKLNOaSIFAQTbm4ytD8F6BkjrqyYi5NiOnMj+IZf0x root@ubuntu-xenial
-----END SSH HOST KEY KEYS-----
[   17.220328] cloud-init[1364]: Cloud-init v. 19.4-33-gbb4131a2-0ubuntu1~16.04.1 running 'modules:final' at Tue, 05 May 2020 17:55:39 +0000. Up 17.09 seconds.
[   17.228447] cloud-init[1364]: ci-info: no authorized SSH keys fingerprints found for user ubuntu.
[   17.229945] cloud-init[1364]: Cloud-init v. 19.4-33-gbb4131a2-0ubuntu1~16.04.1 finished at Tue, 05 May 2020 17:55:39 +0000. Datasource DataSourceNoCloud [seed=/dev/sdb][dsmode=net].  Up 17.21 seconds
[[0;32m  OK  [0m] Started Execute cloud user/final scripts.
[[0;32m  OK  [0m] Reached target Cloud-init target.

Ubuntu 16.04.6 LTS ubuntu-xenial ttyS0

ubuntu-xenial login: 