[    0.000000] Initializing cgroup subsys cpuset
[    0.000000] Initializing cgroup subsys cpu
[    0.000000] Initializing cgroup subsys cpuacct
[    0.000000] Linux version 4.4.0-177-generic (buildd@lgw01-amd64-035) (gcc version 5.4.0 20160609 (Ubuntu 5.4.0-6ubuntu1~16.04.12) ) #207-Ubuntu SMP Mon Mar 16 01:16:10 UTC 2020 (Ubuntu 4.4.0-177.207-generic 4.4.214)
[    0.000000] Command line: BOOT_IMAGE=/boot/vmlinuz-4.4.0-177-generic root=LABEL=cloudimg-rootfs ro console=tty1 console=ttyS0
[    0.000000] KERNEL supported cpus:
[    0.000000]   Intel GenuineIntel
[    0.000000]   AMD AuthenticAMD
[    0.000000]   Centaur CentaurHauls
[    0.000000] x86/fpu: xstate_offset[2]:  576, xstate_sizes[2]:  256
[    0.000000] x86/fpu: Supporting XSAVE feature 0x01: 'x87 floating point registers'
[    0.000000] x86/fpu: Supporting XSAVE feature 0x02: 'SSE registers'
[    0.000000] x86/fpu: Supporting XSAVE feature 0x04: 'AVX registers'
[    0.000000] x86/fpu: Enabled xstate features 0x7, context size is 832 bytes, using 'standard' format.
[    0.000000] e820: BIOS-provided physical RAM map:
[    0.000000] BIOS-e820: [mem 0x0000000000000000-0x000000000009fbff] usable
[    0.000000] BIOS-e820: [mem 0x000000000009fc00-0x000000000009ffff] reserved
[    0.000000] BIOS-e820: [mem 0x00000000000f0000-0x00000000000fffff] reserved
[    0.000000] BIOS-e820: [mem 0x0000000000100000-0x000000007ffeffff] usable
[    0.000000] BIOS-e820: [mem 0x000000007fff0000-0x000000007fffffff] ACPI data
[    0.000000] BIOS-e820: [mem 0x00000000fec00000-0x00000000fec00fff] reserved
[    0.000000] BIOS-e820: [mem 0x00000000fee00000-0x00000000fee00fff] reserved
[    0.000000] BIOS-e820: [mem 0x00000000fffc0000-0x00000000ffffffff] reserved
[    0.000000] NX (Execute Disable) protection: active
[    0.000000] SMBIOS 2.5 present.
[    0.000000] Hypervisor detected: KVM
[    0.000000] e820: last_pfn = 0x7fff0 max_arch_pfn = 0x400000000
[    0.000000] MTRR: Disabled
[    0.000000] x86/PAT: MTRRs disabled, skipping PAT initialization too.
[    0.000000] CPU MTRRs all blank - virtualized system.
[    0.000000] x86/PAT: Configuration [0-7]: WB  WT  UC- UC  WB  WT  UC- UC  
[    0.000000] found SMP MP-table at [mem 0x0009fff0-0x0009ffff] mapped at [ffff88000009fff0]
[    0.000000] Scanning 1 areas for low memory corruption
[    0.000000] RAMDISK: [mem 0x362e4000-0x37169fff]
[    0.000000] ACPI: Early table checksum verification disabled
[    0.000000] ACPI: RSDP 0x00000000000E0000 000024 (v02 VBOX  )
[    0.000000] ACPI: XSDT 0x000000007FFF0030 00003C (v01 VBOX   VBOXXSDT 00000001 ASL  00000061)
[    0.000000] ACPI: FACP 0x000000007FFF00F0 0000F4 (v04 VBOX   VBOXFACP 00000001 ASL  00000061)
[    0.000000] ACPI: DSDT 0x000000007FFF0470 002325 (v02 VBOX   VBOXBIOS 00000002 INTL 20100528)
[    0.000000] ACPI: FACS 0x000000007FFF0200 000040
[    0.000000] ACPI: FACS 0x000000007FFF0200 000040
[    0.000000] ACPI: APIC 0x000000007FFF0240 00005C (v02 VBOX   VBOXAPIC 00000001 ASL  00000061)
[    0.000000] ACPI: SSDT 0x000000007FFF02A0 0001CC (v01 VBOX   VBOXCPUT 00000002 INTL 20100528)
[    0.000000] No NUMA configuration found
[    0.000000] Faking a node at [mem 0x0000000000000000-0x000000007ffeffff]
[    0.000000] NODE_DATA(0) allocated [mem 0x7ffeb000-0x7ffeffff]
[    0.000000] kvm-clock: Using msrs 4b564d01 and 4b564d00
[    0.000000] kvm-clock: cpu 0, msr 0:7ffe3001, primary cpu clock
[    0.000000] kvm-clock: using sched offset of 5166830686 cycles
[    0.000000] clocksource: kvm-clock: mask: 0xffffffffffffffff max_cycles: 0x1cd42e4dffb, max_idle_ns: 881590591483 ns
[    0.000000] Zone ranges:
[    0.000000]   DMA      [mem 0x0000000000001000-0x0000000000ffffff]
[    0.000000]   DMA32    [mem 0x0000000001000000-0x000000007ffeffff]
[    0.000000]   Normal   empty
[    0.000000]   Device   empty
[    0.000000] Movable zone start for each node
[    0.000000] Early memory node ranges
[    0.000000]   node   0: [mem 0x0000000000001000-0x000000000009efff]
[    0.000000]   node   0: [mem 0x0000000000100000-0x000000007ffeffff]
[    0.000000] Initmem setup node 0 [mem 0x0000000000001000-0x000000007ffeffff]
[    0.000000] ACPI: PM-Timer IO Port: 0x4008
[    0.000000] IOAPIC[0]: apic_id 2, version 32, address 0xfec00000, GSI 0-23
[    0.000000] ACPI: INT_SRC_OVR (bus 0 bus_irq 0 global_irq 2 dfl dfl)
[    0.000000] ACPI: INT_SRC_OVR (bus 0 bus_irq 9 global_irq 9 low level)
[    0.000000] Using ACPI (MADT) for SMP configuration information
[    0.000000] smpboot: Allowing 2 CPUs, 0 hotplug CPUs
[    0.000000] PM: Registered nosave memory: [mem 0x00000000-0x00000fff]
[    0.000000] PM: Registered nosave memory: [mem 0x0009f000-0x0009ffff]
[    0.000000] PM: Registered nosave memory: [mem 0x000a0000-0x000effff]
[    0.000000] PM: Registered nosave memory: [mem 0x000f0000-0x000fffff]
[    0.000000] e820: [mem 0x80000000-0xfebfffff] available for PCI devices
[    0.000000] Booting paravirtualized kernel on KVM
[    0.000000] clocksource: refined-jiffies: mask: 0xffffffff max_cycles: 0xffffffff, max_idle_ns: 7645519600211568 ns
[    0.000000] setup_percpu: NR_CPUS:512 nr_cpumask_bits:512 nr_cpu_ids:2 nr_node_ids:1
[    0.000000] PERCPU: Embedded 33 pages/cpu @ffff88007fc00000 s95448 r8192 d31528 u1048576
[    0.000000] Built 1 zonelists in Node order, mobility grouping on.  Total pages: 515960
[    0.000000] Policy zone: DMA32
[    0.000000] Kernel command line: BOOT_IMAGE=/boot/vmlinuz-4.4.0-177-generic root=LABEL=cloudimg-rootfs ro console=tty1 console=ttyS0
[    0.000000] PID hash table entries: 4096 (order: 3, 32768 bytes)
[    0.000000] Memory: 2029872K/2096696K available (8626K kernel code, 1336K rwdata, 4036K rodata, 1488K init, 1292K bss, 66824K reserved, 0K cma-reserved)
[    0.000000] SLUB: HWalign=64, Order=0-3, MinObjects=0, CPUs=2, Nodes=1
[    0.000000] Kernel/User page tables isolation: enabled
[    0.000000] Hierarchical RCU implementation.
[    0.000000] 	Build-time adjustment of leaf fanout to 64.
[    0.000000] 	RCU restricting CPUs from NR_CPUS=512 to nr_cpu_ids=2.
[    0.000000] RCU: Adjusting geometry for rcu_fanout_leaf=64, nr_cpu_ids=2
[    0.000000] NR_IRQS:33024 nr_irqs:440 16
[    0.000000] Console: colour VGA+ 80x25
[    0.000000] console [tty1] enabled
[    0.000000] console [ttyS0] enabled
[    0.000000] tsc: Detected 2903.998 MHz processor
[    0.190700] Calibrating delay loop (skipped) preset value.. 5807.99 BogoMIPS (lpj=11615992)
[    0.192589] pid_max: default: 32768 minimum: 301
[    0.193760] ACPI: Core revision 20150930
[    0.195514] ACPI: 2 ACPI AML tables successfully acquired and loaded
[    0.197232] Security Framework initialized
[    0.198212] Yama: becoming mindful.
[    0.199354] AppArmor: AppArmor initialized
[    0.202213] Dentry cache hash table entries: 262144 (order: 9, 2097152 bytes)
[    0.204386] Inode-cache hash table entries: 131072 (order: 8, 1048576 bytes)
[    0.207651] Mount-cache hash table entries: 4096 (order: 3, 32768 bytes)
[    0.209535] Mountpoint-cache hash table entries: 4096 (order: 3, 32768 bytes)
[    0.211171] Initializing cgroup subsys io
[    0.212119] Initializing cgroup subsys memory
[    0.213302] Initializing cgroup subsys devices
[    0.214350] Initializing cgroup subsys freezer
[    0.215427] Initializing cgroup subsys net_cls
[    0.216521] Initializing cgroup subsys perf_event
[    0.217578] Initializing cgroup subsys net_prio
[    0.218962] Initializing cgroup subsys hugetlb
[    0.220001] Initializing cgroup subsys pids
[    0.222007] mce: CPU supports 0 MCE banks
[    0.223237] Last level iTLB entries: 4KB 64, 2MB 8, 4MB 8
[    0.224475] Last level dTLB entries: 4KB 64, 2MB 0, 4MB 0, 1GB 4
[    0.226176] Spectre V1 : Mitigation: usercopy/swapgs barriers and __user pointer sanitization
[    0.228169] Spectre V2 : Mitigation: Full generic retpoline
[    0.229383] Spectre V2 : Spectre v2 / SpectreRSB mitigation: Filling RSB on context switch
[    0.231289] Speculative Store Bypass: Vulnerable
[    0.232410] MDS: Mitigation: Clear CPU buffers
[    0.236014] Freeing SMP alternatives memory: 36K
[    0.242910] ftrace: allocating 32304 entries in 127 pages
[    0.297123] smpboot: APIC(0) Converting physical 0 to logical package 0
[    0.299146] smpboot: Max logical packages: 1
[    0.300623] x2apic enabled
[    0.301563] Switched APIC routing to physical x2apic.
[    0.303794] ..TIMER: vector=0x30 apic1=0 pin1=2 apic2=-1 pin2=-1
[    0.413950] smpboot: CPU0: Intel(R) Core(TM) i7-7820HQ CPU @ 2.90GHz (family: 0x6, model: 0x9e, stepping: 0x9)
[    0.416998] Performance Events: unsupported p6 CPU model 158 no PMU driver, software events only.
[    0.429140] KVM setup paravirtual spinlock
[    0.432767] x86: Booting SMP configuration:
[    0.434399] .... node  #0, CPUs:      #1
[    0.435451] kvm-clock: cpu 1, msr 0:7ffe3041, secondary cpu clock
[    0.437908] mce: CPU supports 0 MCE banks
[    0.440667] x86: Booted up 1 node, 2 CPUs
[    0.441794] smpboot: Total of 2 processors activated (11615.99 BogoMIPS)
[    0.443703] devtmpfs: initialized
[    0.446658] evm: security.selinux
[    0.447574] evm: security.SMACK64
[    0.448408] evm: security.SMACK64EXEC
[    0.449376] evm: security.SMACK64TRANSMUTE
[    0.450579] evm: security.SMACK64MMAP
[    0.451688] evm: security.ima
[    0.452521] evm: security.capability
[    0.453868] clocksource: jiffies: mask: 0xffffffff max_cycles: 0xffffffff, max_idle_ns: 7645041785100000 ns
[    0.456631] futex hash table entries: 512 (order: 3, 32768 bytes)
[    0.458182] pinctrl core: initialized pinctrl subsystem
[    0.459851] RTC time: 18:54:30, date: 05/06/20
[    0.461276] NET: Registered protocol family 16
[    0.473649] cpuidle: using governor ladder
[    0.485378] cpuidle: using governor menu
[    0.487081] PCCT header not found.
[    0.488834] ACPI: bus type PCI registered
[    0.490841] acpiphp: ACPI Hot Plug PCI Controller Driver version: 0.5
[    0.494357] PCI: Using configuration type 1 for base access
[    0.511411] ACPI: Added _OSI(Module Device)
[    0.513209] ACPI: Added _OSI(Processor Device)
[    0.515234] ACPI: Added _OSI(3.0 _SCP Extensions)
[    0.517057] ACPI: Added _OSI(Processor Aggregator Device)
[    0.520783] ACPI: Executed 1 blocks of module-level executable AML code
[    0.525100] ACPI: Interpreter enabled
[    0.526278] ACPI: (supports S0 S5)
[    0.527366] ACPI: Using IOAPIC for interrupt routing
[    0.528749] PCI: Using host bridge windows from ACPI; if necessary, use "pci=nocrs" and report a bug
[    0.535420] ACPI: PCI Root Bridge [PCI0] (domain 0000 [bus 00-ff])
[    0.537247] acpi PNP0A03:00: _OSC: OS supports [ASPM ClockPM Segments MSI]
[    0.539563] acpi PNP0A03:00: _OSC: not requesting OS control; OS requires [ExtendedConfig ASPM ClockPM MSI]
[    0.541758] acpi PNP0A03:00: fail to add MMCONFIG information, can't access extended PCI configuration space under this bridge.
[    0.544652] PCI host bridge to bus 0000:00
[    0.545783] pci_bus 0000:00: root bus resource [io  0x0000-0x0cf7 window]
[    0.547406] pci_bus 0000:00: root bus resource [io  0x0d00-0xffff window]
[    0.548850] pci_bus 0000:00: root bus resource [mem 0x000a0000-0x000bffff window]
[    0.550637] pci_bus 0000:00: root bus resource [mem 0x80000000-0xfdffffff window]
[    0.552515] pci_bus 0000:00: root bus resource [bus 00-ff]
[    0.556556] pci 0000:00:01.1: legacy IDE quirk: reg 0x10: [io  0x01f0-0x01f7]
[    0.558727] pci 0000:00:01.1: legacy IDE quirk: reg 0x14: [io  0x03f6]
[    0.560143] pci 0000:00:01.1: legacy IDE quirk: reg 0x18: [io  0x0170-0x0177]
[    0.561705] pci 0000:00:01.1: legacy IDE quirk: reg 0x1c: [io  0x0376]
[    0.591068] pci 0000:00:07.0: quirk: [io  0x4000-0x403f] claimed by PIIX4 ACPI
[    0.593207] pci 0000:00:07.0: quirk: [io  0x4100-0x410f] claimed by PIIX4 SMB
[    0.606224] ACPI: PCI Interrupt Link [LNKA] (IRQs 5 9 10 *11)
[    0.608410] ACPI: PCI Interrupt Link [LNKB] (IRQs 5 9 *10 11)
[    0.610123] ACPI: PCI Interrupt Link [LNKC] (IRQs 5 *9 10 11)
[    0.611978] ACPI: PCI Interrupt Link [LNKD] (IRQs 5 9 10 *11)
[    0.613834] ACPI: Enabled 2 GPEs in block 00 to 07
[    0.616142] vgaarb: setting as boot device: PCI:0000:00:02.0
[    0.617934] vgaarb: device added: PCI:0000:00:02.0,decodes=io+mem,owns=io+mem,locks=none
[    0.619882] vgaarb: loaded
[    0.620714] vgaarb: bridge control possible 0000:00:02.0
[    0.622107] SCSI subsystem initialized
[    0.623328] ACPI: bus type USB registered
[    0.624291] usbcore: registered new interface driver usbfs
[    0.625539] usbcore: registered new interface driver hub
[    0.626697] usbcore: registered new device driver usb
[    0.628364] PCI: Using ACPI for IRQ routing
[    0.629706] NetLabel: Initializing
[    0.630526] NetLabel:  domain hash size = 128
[    0.631511] NetLabel:  protocols = UNLABELED CIPSOv4
[    0.632605] NetLabel:  unlabeled traffic allowed by default
[    0.633939] amd_nb: Cannot enumerate AMD northbridges
[    0.635401] clocksource: Switched to clocksource kvm-clock
[    0.643828] AppArmor: AppArmor Filesystem Enabled
[    0.645368] pnp: PnP ACPI init
[    0.647195] pnp: PnP ACPI: found 3 devices
[    0.659950] clocksource: acpi_pm: mask: 0xffffff max_cycles: 0xffffff, max_idle_ns: 2085701024 ns
[    0.662507] NET: Registered protocol family 2
[    0.663648] TCP established hash table entries: 16384 (order: 5, 131072 bytes)
[    0.665395] TCP bind hash table entries: 16384 (order: 6, 262144 bytes)
[    0.667045] TCP: Hash tables configured (established 16384 bind 16384)
[    0.668473] UDP hash table entries: 1024 (order: 3, 32768 bytes)
[    0.669738] UDP-Lite hash table entries: 1024 (order: 3, 32768 bytes)
[    0.671346] NET: Registered protocol family 1
[    0.672359] pci 0000:00:00.0: Limiting direct PCI/PCI transfers
[    0.674438] pci 0000:00:01.0: Activating ISA DMA hang workarounds
[    0.676482] Unpacking initramfs...
[    0.881282] Freeing initrd memory: 14872K
[    0.882747] clocksource: tsc: mask: 0xffffffffffffffff max_cycles: 0x29dc03c1beb, max_idle_ns: 440795205215 ns
[    0.885753] platform rtc_cmos: registered platform RTC device (no PNP device found)
[    0.887577] Scanning for low memory corruption every 60 seconds
[    0.889532] audit: initializing netlink subsys (disabled)
[    0.891191] audit: type=2000 audit(1588791277.783:1): initialized
[    0.892814] Initialise system trusted keyring
[    0.893961] HugeTLB registered 2 MB page size, pre-allocated 0 pages
[    0.896392] zbud: loaded
[    0.897365] VFS: Disk quotas dquot_6.6.0
[    0.898315] VFS: Dquot-cache hash table entries: 512 (order 0, 4096 bytes)
[    0.900101] squashfs: version 4.0 (2009/01/31) Phillip Lougher
[    0.901664] fuse init (API version 7.23)
[    0.903219] Key type big_key registered
[    0.904636] Allocating IMA MOK and blacklist keyrings.
[    0.907484] Key type asymmetric registered
[    0.908446] Asymmetric key parser 'x509' registered
[    0.909543] Block layer SCSI generic (bsg) driver version 0.4 loaded (major 249)
[    0.911347] io scheduler noop registered
[    0.912357] io scheduler deadline registered (default)
[    0.913731] io scheduler cfq registered
[    0.914878] pci_hotplug: PCI Hot Plug PCI Core version: 0.5
[    0.916224] pciehp: PCI Express Hot Plug Controller Driver version: 0.4
[    0.917891] ACPI: AC Adapter [AC] (on-line)
[    0.919264] input: Power Button as /devices/LNXSYSTM:00/LNXPWRBN:00/input/input0
[    0.921107] ACPI: Power Button [PWRF]
[    0.922029] input: Sleep Button as /devices/LNXSYSTM:00/LNXSLPBN:00/input/input1
[    0.923716] ACPI: Sleep Button [SLPF]
[    0.925199] GHES: HEST is not enabled!
[    0.926346] ACPI: Battery Slot [BAT0] (battery present)
[    0.928036] Serial: 8250/16550 driver, 32 ports, IRQ sharing enabled
[    0.950379] 00:02: ttyS0 at I/O 0x3f8 (irq = 4, base_baud = 115200) is a 16550A
[    0.957462] Linux agpgart interface v0.103
[    0.962177] loop: module loaded
[    0.963642] scsi host0: ata_piix
[    0.964605] scsi host1: ata_piix
[    0.965447] ata1: PATA max UDMA/33 cmd 0x1f0 ctl 0x3f6 bmdma 0xd000 irq 14
[    0.966961] ata2: PATA max UDMA/33 cmd 0x170 ctl 0x376 bmdma 0xd008 irq 15
[    0.968582] libphy: Fixed MDIO Bus: probed
[    0.969607] tun: Universal TUN/TAP device driver, 1.6
[    0.970920] tun: (C) 1999-2004 Max Krasnyansky <maxk@qualcomm.com>
[    0.972396] PPP generic driver version 2.4.2
[    0.973474] ehci_hcd: USB 2.0 'Enhanced' Host Controller (EHCI) Driver
[    0.975089] ehci-pci: EHCI PCI platform driver
[    0.976206] ehci-platform: EHCI generic platform driver
[    0.977409] ohci_hcd: USB 1.1 'Open' Host Controller (OHCI) Driver
[    0.978758] ohci-pci: OHCI PCI platform driver
[    0.979819] ohci-platform: OHCI generic platform driver
[    0.981070] uhci_hcd: USB Universal Host Controller Interface driver
[    0.982856] i8042: PNP: PS/2 Controller [PNP0303:PS2K,PNP0f03:PS2M] at 0x60,0x64 irq 1,12
[    0.985337] serio: i8042 KBD port at 0x60,0x64 irq 1
[    0.986962] serio: i8042 AUX port at 0x60,0x64 irq 12
[    0.988579] mousedev: PS/2 mouse device common for all mice
[    0.990386] input: AT Translated Set 2 keyboard as /devices/platform/i8042/serio0/input/input2
[    0.993990] rtc_cmos rtc_cmos: rtc core: registered rtc_cmos as rtc0
[    0.996101] rtc_cmos rtc_cmos: alarms up to one day, 114 bytes nvram
[    0.997778] i2c /dev entries driver
[    0.998876] device-mapper: uevent: version 1.0.3
[    1.000231] device-mapper: ioctl: 4.34.0-ioctl (2015-10-28) initialised: dm-devel@redhat.com
[    1.002494] ledtrig-cpu: registered to indicate activity on CPUs
[    1.004327] NET: Registered protocol family 10
[    1.005737] NET: Registered protocol family 17
[    1.006784] Key type dns_resolver registered
[    1.008192] registered taskstats version 1
[    1.009159] Loading compiled-in X.509 certificates
[    1.010706] Loaded X.509 cert 'Build time autogenerated kernel key: a048edf52b07f04005c7780de0f875c713550332'
[    1.013106] zswap: loaded using pool lzo/zbud
[    1.015848] Key type trusted registered
[    1.019288] Key type encrypted registered
[    1.020274] AppArmor: AppArmor sha1 policy hashing enabled
[    1.021490] ima: No TPM chip found, activating TPM-bypass!
[    1.023171] ima: Allocated hash algorithm: sha1
[    1.024443] evm: HMAC attrs: 0x1
[    1.025966]   Magic number: 4:245:948
[    1.026962] tty tty5: hash matches
[    1.027901] memory memory1: hash matches
[    1.028938] rtc_cmos rtc_cmos: setting system clock to 2020-05-06 18:54:31 UTC (1588791271)
[    1.031227] BIOS EDD facility v0.16 2004-Jun-25, 0 devices found
[    1.032933] EDD information not available.
[    1.147865] Freeing unused kernel memory: 1488K
[    1.149420] Write protecting the kernel read-only data: 14336k
[    1.151553] Freeing unused kernel memory: 1604K
[    1.152910] Freeing unused kernel memory: 60K
Loading, please wait...
starting version 229
[    1.166099] random: systemd-udevd: uninitialized urandom read (16 bytes read, 3 bits of entropy available)
[    1.166529] random: udevadm: uninitialized urandom read (16 bytes read, 3 bits of entropy available)
[    1.166545] random: udevadm: uninitialized urandom read (16 bytes read, 3 bits of entropy available)
[    1.172703] random: udevadm: uninitialized urandom read (16 bytes read, 3 bits of entropy available)
[    1.172737] random: udevadm: uninitialized urandom read (16 bytes read, 3 bits of entropy available)
[    1.172840] random: udevadm: uninitialized urandom read (16 bytes read, 3 bits of entropy available)
[    1.172877] random: udevadm: uninitialized urandom read (16 bytes read, 3 bits of entropy available)
[    1.172916] random: udevadm: uninitialized urandom read (16 bytes read, 3 bits of entropy available)
[    1.172954] random: udevadm: uninitialized urandom read (16 bytes read, 3 bits of entropy available)
[    1.172990] random: udevadm: uninitialized urandom read (16 bytes read, 3 bits of entropy available)
[    1.212899] e1000: Intel(R) PRO/1000 Network Driver - version 7.3.21-k8-NAPI
[    1.214820] e1000: Copyright (c) 1999-2006 Intel Corporation.
[    1.218666] Fusion MPT base driver 3.04.20
[    1.219963] Copyright (c) 1999-2008 LSI Corporation
[    1.226701] Fusion MPT SPI Host driver 3.04.20
[    1.228573] mptbase: ioc0: Initiating bringup
[    1.237488] AVX2 version of gcm_enc/dec engaged.
[    1.238831] AES CTR mode by8 optimization enabled
[    1.429639] input: ImExPS/2 Generic Explorer Mouse as /devices/platform/i8042/serio1/input/input4
[    1.448108] ioc0: LSI53C1030 A0: Capabilities={Initiator}
[    2.827258] scsi host2: ioc0: LSI53C1030 A0, FwRev=00000000h, Ports=1, MaxQ=256, IRQ=20
[    3.886636] scsi 2:0:0:0: Direct-Access     VBOX     HARDDISK         1.0  PQ: 0 ANSI: 5
[    3.890085] scsi target2:0:0: Beginning Domain Validation
[    3.894215] scsi target2:0:0: Domain Validation skipping write tests
[    3.896043] scsi target2:0:0: Ending Domain Validation
[    3.897852] scsi target2:0:0: asynchronous
[    3.899956] scsi 2:0:1:0: Direct-Access     VBOX     HARDDISK         1.0  PQ: 0 ANSI: 5
[    3.902547] scsi target2:0:1: Beginning Domain Validation
[    3.905230] scsi target2:0:1: Domain Validation skipping write tests
[    3.906965] scsi target2:0:1: Ending Domain Validation
[    3.908475] scsi target2:0:1: asynchronous
[    3.936067] sd 2:0:0:0: Attached scsi generic sg0 type 0
[    3.938131] sd 2:0:0:0: [sda] 20971520 512-byte logical blocks: (10.7 GB/10.0 GiB)
[    3.941006] sd 2:0:1:0: Attached scsi generic sg1 type 0
[    3.942904] sd 2:0:1:0: [sdb] 20480 512-byte logical blocks: (10.5 MB/10.0 MiB)
[    3.945096] sd 2:0:0:0: [sda] Write Protect is off
[    3.946442] sd 2:0:1:0: [sdb] Write Protect is off
[    3.947895] sd 2:0:1:0: [sdb] Incomplete mode parameter data
[    3.949254] sd 2:0:1:0: [sdb] Assuming drive cache: write through
[    3.950957] sd 2:0:0:0: [sda] Incomplete mode parameter data
[    3.952836] sd 2:0:0:0: [sda] Assuming drive cache: write through
[    3.961724]  sda: sda1
[    3.966062] sd 2:0:0:0: [sda] Attached SCSI disk
[    3.967210] sd 2:0:1:0: [sdb] Attached SCSI disk
[    4.462229] e1000 0000:00:03.0 eth0: (PCI:33MHz:32-bit) 02:f4:cb:fd:67:72
[    4.464245] e1000 0000:00:03.0 eth0: Intel(R) PRO/1000 Network Connection
[    4.853601] e1000 0000:00:08.0 eth1: (PCI:33MHz:32-bit) 08:00:27:fd:3c:3c
[    4.855685] e1000 0000:00:08.0 eth1: Intel(R) PRO/1000 Network Connection
[    4.858066] e1000 0000:00:08.0 enp0s8: renamed from eth1
[    4.868885] e1000 0000:00:03.0 enp0s3: renamed from eth0
Begin: Loading essential drivers ... [    6.155174] md: linear personality registered for level -1
[    6.159691] md: multipath personality registered for level -4
[    6.163726] md: raid0 personality registered for level 0
[    6.168817] md: raid1 personality registered for level 1
[    6.242238] raid6: sse2x1   gen() 12091 MB/s
[    6.312279] raid6: sse2x1   xor()  8289 MB/s
[    6.380385] raid6: sse2x2   gen() 14147 MB/s
[    6.447626] raid6: sse2x2   xor()  9921 MB/s
[    6.515753] raid6: sse2x4   gen() 14413 MB/s
[    6.583482] raid6: sse2x4   xor() 10577 MB/s
[    6.652305] raid6: avx2x1   gen() 23072 MB/s
[    6.719692] raid6: avx2x2   gen() 24555 MB/s
[    6.787465] raid6: avx2x4   gen() 27313 MB/s
[    6.788898] raid6: using algorithm avx2x4 gen() 27313 MB/s
[    6.790267] raid6: using avx2x2 recovery algorithm
[    6.793113] xor: automatically using best checksumming function:
[    6.831790]    avx       : 28168.000 MB/sec
[    6.834305] async_tx: api initialized (async)
[    6.845677] md: raid6 personality registered for level 6
[    6.847294] md: raid5 personality registered for level 5
[    6.849054] md: raid4 personality registered for level 4
[    6.855789] md: raid10 personality registered for level 10
done.
Begin: Running /scripts/init-premount ... done.
Begin: Mounting root file system ... Begin: Running /scripts/local-top ... done.
Begin: Running /scripts/local-premount ... [    6.883704] Btrfs loaded
Scanning for Btrfs filesystems
done.
Warning: fsck not present, so skipping root file system
[    6.917008] EXT4-fs (sda1): mounted filesystem with ordered data mode. Opts: (null)
done.
Begin: Running /scripts/local-bottom ... done.
Begin: Running /scripts/init-bottom ... done.
[    7.034921] systemd[1]: systemd 229 running in system mode. (+PAM +AUDIT +SELINUX +IMA +APPARMOR +SMACK +SYSVINIT +UTMP +LIBCRYPTSETUP +GCRYPT +GNUTLS +ACL +XZ -LZ4 +SECCOMP +BLKID +ELFUTILS +KMOD -IDN)
[    7.040526] systemd[1]: Detected virtualization oracle.
[    7.042044] systemd[1]: Detected architecture x86-64.

Welcome to [1mUbuntu 16.04.6 LTS[0m!

[    7.047849] systemd[1]: Set hostname to <base>.
[    7.202436] systemd[1]: Listening on /dev/initctl Compatibility Named Pipe.
[[0;32m  OK  [0m] Listening on /dev/initctl Compatibility Named Pipe.
[    7.205706] systemd[1]: Reached target Swap.
[[0;32m  OK  [0m] Reached target Swap.
[    7.216067] systemd[1]: Listening on Syslog Socket.
[[0;32m  OK  [0m] Listening on Syslog Socket.
[    7.223862] systemd[1]: Listening on udev Kernel Socket.
[[0;32m  OK  [0m] Listening on udev Kernel Socket.
[    7.226817] systemd[1]: Started Trigger resolvconf update for networkd DNS.
[[0;32m  OK  [0m] Started Trigger resolvconf update for networkd DNS.
[    7.229956] systemd[1]: Listening on LVM2 poll daemon socket.
[[0;32m  OK  [0m] Listening on LVM2 poll daemon socket.
[    7.232514] systemd[1]: Reached target Encrypted Volumes.
[[0;32m  OK  [0m] Reached target Encrypted Volumes.
[    7.235085] systemd[1]: Listening on Journal Audit Socket.
[[0;32m  OK  [0m] Listening on Journal Audit Socket.
[    7.244570] systemd[1]: Listening on LVM2 metadata daemon socket.
[[0;32m  OK  [0m] Listening on LVM2 metadata daemon socket.
[    7.248973] systemd[1]: Reached target System Time Synchronized.
[[0;32m  OK  [0m] Reached target System Time Synchronized.
[    7.261871] systemd[1]: Created slice System Slice.
[[0;32m  OK  [0m] Created slice System Slice.
[    7.272236] systemd[1]: Listening on Journal Socket.
[[0;32m  OK  [0m] Listening on Journal Socket.
[    7.292050] systemd[1]: Mounting Debug File System...
         Mounting Debug File System...
[    7.295863] systemd[1]: Starting Set console keymap...
         Starting Set console keymap...
[    7.299501] systemd[1]: Mounting RPC Pipe File System...
         Mounting RPC Pipe File System...
[    7.302701] systemd[1]: Starting Uncomplicated firewall...
         Starting Uncomplicated firewall...
[    7.306181] systemd[1]: Starting Create list of required static device nodes for the current kernel...
         Starting Create list of required st... nodes for the current kernel...
[    7.311083] systemd[1]: Reached target User and Group Name Lookups.
[[0;32m  OK  [0m] Reached target User and Group Name Lookups.
[    7.315760] systemd[1]: Created slice User and Session Slice.
[[0;32m  OK  [0m] Created slice User and Session Slice.
[    7.322138] systemd[1]: Reached target Slices.
[[0;32m  OK  [0m] Reached target Slices.
[    7.328120] systemd[1]: Starting Remount Root and Kernel File Systems...
         Starting Remount Root and Kernel File Systems...
[    7.331736] systemd[1]: Set up automount Arbitrary Executable File Formats File System Automount Point.
[[0;32m  OK  [0m] Set up automount Arbitrary Executab...ats File System Automount Point.
[    7.338985] systemd[1]: Listening on Journal Socket (/dev/log).

    7.340905] EXT4-fs (sda1): re-mounted. Opts: (null)
[[0;32m  OK  [0m] Listening on Journal Socket (/dev/log).
[    7.343900] RPC: Registered named UNIX socket transport module.
[    7.346144] RPC: Registered udp transport module.
[    7.348012] RPC: Registered tcp transport module.
[    7.348629] systemd[1]: Starting Journal Service...
[    7.351159] RPC: Registered tcp NFSv4.1 backchannel transport module.
         Starting Journal Service...
[    7.360524] systemd[1]: Mounting POSIX Message Queue File System...
         Mounting POSIX Message Queue File System...
[    7.367811] systemd[1]: Starting Nameserver information manager...
         Starting Nameserver information manager...
[    7.371404] systemd[1]: Listening on Device-mapper event daemon FIFOs.
[[0;32m  OK  [0m] Listening on Device-mapper event daemon FIFOs.
[    7.375595] systemd[1]: Started Forward Password Requests to Wall Directory Watch.
[[0;32m  OK  [0m] Started Forward Password Requests to Wall Directory Watch.
[    7.384128] systemd[1]: Mounting Huge Pages File System...
         Mounting Huge Pages File System...
[    7.392670] systemd[1]: Starting Monitoring of LVM2 mirrors, snapshots etc. using dmeventd or progress polling...
         Starting Monitoring of LVM2 mirrors... dmeventd or progress polling...
[    7.399417] systemd[1]: Starting Load Kernel Modules...
         Starting Load Kernel Modules...
[    7.402293] systemd[1]: Created slice system-serial\x2dgetty.slice.
[[0;32m  OK  [0m] Created slice system-serial\x2dgetty.slice.
[    7.405592] systemd[1]: Listening on udev Control Socket.
[[0;32m  OK  [0m] Listening on udev Control Socket.
[    7.409124] systemd[1]: Mounted RPC Pipe File System.
[[0;32m  OK  [0m] Mounted RPC Pipe File System.
[    7.412466] systemd[1]: Mounted Debug File System.
[[0;32m  OK  [0m] Mounted Debug File System.
[    7.415094] Loading iSCSI transport class v2.0-870.
[    7.415106] systemd[1]: Mounted POSIX Message Queue File System.
[[0;32m  OK  [0m] Mounted POSIX Message Queue File System.
[    7.419084] systemd[1]: Mounted Huge Pages File System.
[[0;32m  OK  [0m] Mounted Huge Pages File System.
[    7.425730] iscsi: registered transport (tcp)
[    7.427689] systemd[1]: Started Journal Service.
[[0;32m  OK  [0m] Started Journal Service.
[[0;32m  OK  [0m] Started Set console keymap.
[[0;32m  OK  [0m] Started Uncomplicated firewall.
[[0;32m  OK  [0m] Started Create list of required sta...ce nodes for the current kernel.
[[0;32m  OK  [0m] Started Remount Root and Kernel File Systems.
[    7.448403] iscsi: registered transport (iser)
[[0;32m  OK  [0m] Started Load Kernel Modules.
[[0;32m  OK  [0m] Started Nameserver information manager.
[[0;32m  OK  [0m] Started LVM2 metadata daemon.
         Mounting FUSE Control File System...
         Starting Apply Kernel Variables...
         Starting Load/Save Random Seed...
         Starting udev Coldplug all Devices...
         Starting Create Static Device Nodes in /dev...
         Starting Flush Journal to Persistent Storage...
[[0;32m  OK  [0m] Mounted FUSE Control File System.
[[0;32m  OK  [0m] Started Apply Kernel Variables.
[[0;32m  OK  [0m] Started Load/Save Random Seed.
[[0;32m  OK  [0m] Started Flush Journal to Persistent Storage.
[[0;32m  OK  [0m] Started Create Static Device Nodes in /dev.
[[0;32m  OK  [0m] Started udev Coldplug all Devices.
         Starting udev Kernel Device Manager...
[[0;32m  OK  [0m] Started udev Kernel Device Manager.
[[0;32m  OK  [0m] Started Dispatch Password Requests to Console Directory Watch.
[[0;32m  OK  [0m] Found device /dev/ttyS0.
[[0;32m  OK  [0m] Listening on Load/Save RF Kill Switch Status /dev/rfkill Watch.
[[0;32m  OK  [0m] Found device 82540EM Gigabit Ethern...r (PRO/1000 MT Desktop Adapter).
[[0;32m  OK  [0m] Started Monitoring of LVM2 mirrors,...ng dmeventd or progress polling.
[[0;32m  OK  [0m] Found device 82540EM Gigabit Ethern...r (PRO/1000 MT Desktop Adapter).
[[0;32m  OK  [0m] Reached target Local File Systems (Pre).
[[0;32m  OK  [0m] Reached target Local File Systems.
         Starting Initial cloud-init job (pre-networking)...
         Starting Preprocess NFS configuration...
         Starting Set console font and keymap...
         Starting Tell Plymouth To Write Out Runtime Data...
         Starting LSB: AppArmor initialization...
         Starting Create Volatile Files and Directories...
[[0;32m  OK  [0m] Started Preprocess NFS configuration.
[[0;32m  OK  [0m] Reached target NFS client services.
[[0;32m  OK  [0m] Started Tell Plymouth To Write Out Runtime Data.
[[0;32m  OK  [0m] Started Create Volatile Files and Directories.
         Starting Update UTMP about System Boot/Shutdown...
[[0;32m  OK  [0m] Started Update UTMP about System Boot/Shutdown.
[[0;32m  OK  [0m] Started LSB: AppArmor initialization.
[[0;32m  OK  [0m] Started Set console font and keymap.
[[0;32m  OK  [0m] Created slice system-getty.slice.
[    8.777668] cloud-init[645]: Cloud-init v. 19.4-33-gbb4131a2-0ubuntu1~16.04.1 running 'init-local' at Wed, 06 May 2020 18:54:39 +0000. Up 8.54 seconds.
[[0;32m  OK  [0m] Started Initial cloud-init job (pre-networking).
[[0;32m  OK  [0m] Reached target Network (Pre).
[[0;32m  OK  [0m] Started ifup for enp0s8.
         Starting Raise network interfaces...
[[0;32m  OK  [0m] Started ifup for enp0s3.
[[0;32m  OK  [0m] Started Raise network interfaces.
[[0;32m  OK  [0m] Reached target Network.
         Starting Initial cloud-init job (metadata service crawler)...
[    9.414695] cloud-init[1093]: Cloud-init v. 19.4-33-gbb4131a2-0ubuntu1~16.04.1 running 'init' at Wed, 06 May 2020 18:54:39 +0000. Up 9.20 seconds.
[    9.416129] cloud-init[1093]: ci-info: ++++++++++++++++++++++++++++++++++++++Net device info+++++++++++++++++++++++++++++++++++++++
[    9.417582] cloud-init[1093]: ci-info: +--------+------+-----------------------------+---------------+--------+-------------------+
[    9.419161] cloud-init[1093]: ci-info: | Device |  Up  |           Address           |      Mask     | Scope  |     Hw-Address    |
[    9.420883] cloud-init[1093]: ci-info: +--------+------+-----------------------------+---------------+--------+-------------------+
[    9.422587] cloud-init[1093]: ci-info: | enp0s3 | True |          10.0.2.15          | 255.255.255.0 | global | 02:f4:cb:fd:67:72 |
[    9.424228] cloud-init[1093]: ci-info: | enp0s3 | True |  fe80::f4:cbff:fefd:6772/64 |       .       |  link  | 02:f4:cb:fd:67:72 |
[    9.426151] cloud-init[1093]: ci-info: | enp0s8 | True |         172.16.10.10        | 255.255.255.0 | global | 08:00:27:fd:3c:3c |
[    9.428543] cloud-init[1093]: ci-info: | enp0s8 | True | fe80::a00:27ff:fefd:3c3c/64 |       .       |  link  | 08:00:27:fd:3c:3c |
[    9.430820] cloud-init[1093]: ci-info: |   lo   | True |          127.0.0.1          |   255.0.0.0   |  host  |         .         |
[    9.433181] cloud-init[1093]: ci-info: |   lo   | True |           ::1/128           |       .       |  host  |         .         |
[    9.434844] cloud-init[1093]: ci-info: +--------+------+-----------------------------+---------------+--------+-------------------+
[    9.436884] cloud-init[1093]: ci-info: +++++++++++++++++++++++++++Route IPv4 info++++++++++++++++++++++++++++
[    9.438946] cloud-init[1093]: ci-info: +-------+-------------+----------+---------------+-----------+-------+
[    9.440536] cloud-init[1093]: ci-info: | Route | Destination | Gateway  |    Genmask    | Interface | Flags |
[    9.442421] cloud-init[1093]: ci-info: +-------+-------------+----------+---------------+-----------+-------+
[    9.444654] cloud-init[1093]: ci-info: |   0   |   0.0.0.0   | 10.0.2.2 |    0.0.0.0    |   enp0s3  |   UG  |
[    9.446228] cloud-init[1093]: ci-info: |   1   |   10.0.2.0  | 0.0.0.0  | 255.255.255.0 |   enp0s3  |   U   |
[    9.447993] cloud-init[1093]: ci-info: |   2   | 172.16.10.0 | 0.0.0.0  | 255.255.255.0 |   enp0s8  |   U   |
[    9.450010] cloud-init[1093]: ci-info: +-------+-------------+----------+---------------+-----------+-------+
[    9.452078] cloud-init[1093]: ci-info: +++++++++++++++++++Route IPv6 info+++++++++++++++++++
[    9.453879] cloud-init[1093]: ci-info: +-------+-------------+---------+-----------+-------+
[    9.455043] cloud-init[1093]: ci-info: | Route | Destination | Gateway | Interface | Flags |
[    9.456550] cloud-init[1093]: ci-info: +-------+-------------+---------+-----------+-------+
[    9.457442] cloud-init[1093]: ci-info: |   0   |  fe80::/64  |    ::   |   enp0s8  |   U   |
[    9.458404] cloud-init[1093]: ci-info: |   1   |  fe80::/64  |    ::   |   enp0s3  |   U   |
[    9.459765] cloud-init[1093]: ci-info: |   4   |   ff00::/8  |    ::   |   enp0s8  |   U   |
[    9.461531] cloud-init[1093]: ci-info: |   5   |   ff00::/8  |    ::   |   enp0s3  |   U   |
[    9.462728] cloud-init[1093]: ci-info: +-------+-------------+---------+-----------+-------+
[[0;32m  OK  [0m] Started Initial cloud-init job (metadata service crawler).
[[0;32m  OK  [0m] Reached target Network is Online.
         Starting iSCSI initiator daemon (iscsid)...
[[0;32m  OK  [0m] Reached target Cloud-config availability.
[[0;32m  OK  [0m] Reached target System Initialization.
[[0;32m  OK  [0m] Started Message of the Day.
[[0;32m  OK  [0m] Started Daily apt download activities.
         Starting LXD - unix socket.
[[0;32m  OK  [0m] Started Daily apt upgrade and clean activities.
[[0;32m  OK  [0m] Listening on D-Bus System Message Bus Socket.
[[0;32m  OK  [0m] Listening on ACPID Listen Socket.
         Starting Socket activation for snappy daemon.
         Starting Docker Socket for the API.
[[0;32m  OK  [0m] Listening on UUID daemon activation socket.
[[0;32m  OK  [0m] Started ACPI Events Check.
[[0;32m  OK  [0m] Reached target Paths.
[[0;32m  OK  [0m] Started Daily Cleanup of Temporary Directories.
[[0;32m  OK  [0m] Reached target Timers.
[[0;32m  OK  [0m] Listening on RPCbind Server Activation Socket.
[[0;32m  OK  [0m] Listening on LXD - unix socket.
[[0;32m  OK  [0m] Listening on Socket activation for snappy daemon.
[[0;32m  OK  [0m] Listening on Docker Socket for the API.
[[0;32m  OK  [0m] Reached target Sockets.
[[0;32m  OK  [0m] Reached target Basic System.
         Starting LSB: MD monitoring daemon...
         Starting Login Service...
         Starting OpenBSD Secure Shell server...
[[0;32m  OK  [0m] Started D-Bus System Message Bus.
         Starting LSB: Record successful boot for GRUB...
[[0;32m  OK  [0m] Started Regular background program processing daemon.
[[0;32m  OK  [0m] Started FUSE filesystem for LXC.
         Starting /etc/rc.local Compatibility...
         Starting Virtualbox guest utils...
[[0;32m  OK  [0m] Started ACPI event daemon.
         Starting Snappy daemon...
         Starting System Logging Service...
         Starting Docker Application Container Engine...
         Starting Accounts Service...
[[0;32m  OK  [0m] Started Deferred execution scheduler.
         Starting LXD - container startup/shutdown...
[[0;32m  OK  [0m] Started iSCSI initiator daemon (iscsid).
[[0;32m  OK  [0m] Started /etc/rc.local Compatibility.
[[0;32m  OK  [0m] Started System Logging Service.
         Starting Login to default iSCSI targets...
[[0;32m  OK  [0m] Started OpenBSD Secure Shell server.
[[0;32m  OK  [0m] Started Login Service.
[[0;32m  OK  [0m] Started Unattended Upgrades Shutdown.
[[0;32m  OK  [0m] Started Login to default iSCSI targets.
[[0;32m  OK  [0m] Started LSB: MD monitoring daemon.
[[0;32m  OK  [0m] Reached target Remote File Systems (Pre).
[[0;32m  OK  [0m] Reached target Remote File Systems.
         Starting Permit User Sessions...
         Starting LSB: Set the CPU Frequency Scaling governor to "ondemand"...
         Starting LSB: Set up cgroupfs mounts....
         Starting LSB: daemon to balance interrupts for SMP systems...
         Starting LSB: automatic crash report generation...
[[0;32m  OK  [0m] Started LSB: Record successful boot for GRUB.
[[0;32m  OK  [0m] Started Permit User Sessions.
[[0;32m  OK  [0m] Started LSB: Set up cgroupfs mounts..
         Starting Authenticate and Authorize Users to Run Privileged Tasks...
         Starting Hold until boot process finishes up...
         Starting Terminate Plymouth Boot Screen...
[[0;32m  OK  [0m] Started LXD - container startup/shutdown.
[[0;32m  OK  [0m] Started LSB: Set the CPU Frequency Scaling governor to "ondemand".
[[0;32m  OK  [0m] Started Hold until boot process finishes up.
[[0;32m  OK  [0m] Started Terminate Plymouth Boot Screen.
[[0;32m  OK  [0m] Started Authenticate and Authorize Users to Run Privileged Tasks.
[[0;32m  OK  [0m] Started Accounts Service.
[[0;32m  OK  [0m] Started LSB: automatic crash report generation.
[[0;32m  OK  [0m] Started Serial Getty on ttyS0.
[[0;32m  OK  [0m] Started Getty on tty1.
[[0;32m  OK  [0m] Reached target Login Prompts.
         Starting Set console scheme...
[[0;32m  OK  [0m] Started Virtualbox guest utils.
[[0;32m  OK  [0m] Started LSB: daemon to balance interrupts for SMP systems.
[[0;32m  OK  [0m] Started Set console scheme.
[[0;32m  OK  [0m] Started Snappy daemon.
         Starting Wait until snapd is fully seeded...
[[0;32m  OK  [0m] Started Wait until snapd is fully seeded.
         Starting Apply the settings specified in cloud-config...
[[0;32m  OK  [0m] Created slice User Slice of vagrant.
         Starting User Manager for UID 1000...
[[0;32m  OK  [0m] Started Session 1 of user vagrant.
[[0;32m  OK  [0m] Started User Manager for UID 1000.
[   10.771932] cloud-init[1362]: Cloud-init v. 19.4-33-gbb4131a2-0ubuntu1~16.04.1 running 'modules:config' at Wed, 06 May 2020 18:54:41 +0000. Up 10.66 seconds.
[[0;32m  OK  [0m] Started Apply the settings specified in cloud-config.
[[0;32m  OK  [0m] Started Docker Application Container Engine.
[[0;32m  OK  [0m] Reached target Multi-User System.
[[0;32m  OK  [0m] Reached target Graphical Interface.
         Starting Update UTMP about System Runlevel Changes...
         Starting Execute cloud user/final scripts...
[[0;32m  OK  [0m] Started Update UTMP about System Runlevel Changes.
[   11.329887] cloud-init[1636]: Cloud-init v. 19.4-33-gbb4131a2-0ubuntu1~16.04.1 running 'modules:final' at Wed, 06 May 2020 18:54:41 +0000. Up 11.24 seconds.
[   11.333479] cloud-init[1636]: Cloud-init v. 19.4-33-gbb4131a2-0ubuntu1~16.04.1 finished at Wed, 06 May 2020 18:54:42 +0000. Datasource DataSourceNoCloud [seed=/dev/sdb][dsmode=net].  Up 11.32 seconds
[[0;32m  OK  [0m] Started Execute cloud user/final scripts.
[[0;32m  OK  [0m] Reached target Cloud-init target.

Ubuntu 16.04.6 LTS base ttyS0

base login: 